make[1]: se entra en el directorio '/home/zonarmr/android-kernel/Xiaomi/MI8/LineageOS-17.1/dipper_q/out'
  GEN     ./Makefile
scripts/kconfig/conf  --silentoldconfig Kconfig
  CHK     include/config/kernel.release
  GEN     ./Makefile
  WRAP    arch/arm64/include/generated/asm/bugs.h
  WRAP    arch/arm64/include/generated/asm/cputime.h
  WRAP    arch/arm64/include/generated/asm/clkdev.h
  WRAP    arch/arm64/include/generated/asm/delay.h
  WRAP    arch/arm64/include/generated/asm/div64.h
  WRAP    arch/arm64/include/generated/asm/dma.h
  WRAP    arch/arm64/include/generated/asm/dma-contiguous.h
  WRAP    arch/arm64/include/generated/asm/early_ioremap.h
  WRAP    arch/arm64/include/generated/asm/errno.h
  WRAP    arch/arm64/include/generated/asm/emergency-restart.h
  WRAP    arch/arm64/include/generated/asm/hw_irq.h
  WRAP    arch/arm64/include/generated/asm/ioctl.h
  WRAP    arch/arm64/include/generated/asm/ioctls.h
  WRAP    arch/arm64/include/generated/asm/ipcbuf.h
  WRAP    arch/arm64/include/generated/asm/irq_regs.h
  WRAP    arch/arm64/include/generated/asm/kdebug.h
  WRAP    arch/arm64/include/generated/asm/kmap_types.h
  WRAP    arch/arm64/include/generated/asm/kvm_para.h
  WRAP    arch/arm64/include/generated/asm/local.h
  WRAP    arch/arm64/include/generated/asm/local64.h
  WRAP    arch/arm64/include/generated/asm/mcs_spinlock.h
  WRAP    arch/arm64/include/generated/asm/mm-arch-hooks.h
  WRAP    arch/arm64/include/generated/asm/mman.h
  WRAP    arch/arm64/include/generated/asm/msgbuf.h
  WRAP    arch/arm64/include/generated/asm/msi.h
  WRAP    arch/arm64/include/generated/asm/mutex.h
  WRAP    arch/arm64/include/generated/asm/poll.h
  WRAP    arch/arm64/include/generated/asm/preempt.h
  WRAP    arch/arm64/include/generated/asm/resource.h
  WRAP    arch/arm64/include/generated/asm/qrwlock.h
  WRAP    arch/arm64/include/generated/asm/rwsem.h
  WRAP    arch/arm64/include/generated/asm/segment.h
  WRAP    arch/arm64/include/generated/asm/sembuf.h
  WRAP    arch/arm64/include/generated/asm/serial.h
  WRAP    arch/arm64/include/generated/asm/shmbuf.h
  WRAP    arch/arm64/include/generated/asm/simd.h
  WRAP    arch/arm64/include/generated/asm/sizes.h
  WRAP    arch/arm64/include/generated/asm/socket.h
  WRAP    arch/arm64/include/generated/asm/sockios.h
  WRAP    arch/arm64/include/generated/asm/swab.h
  WRAP    arch/arm64/include/generated/asm/switch_to.h
  WRAP    arch/arm64/include/generated/asm/termbits.h
  WRAP    arch/arm64/include/generated/asm/termios.h
  WRAP    arch/arm64/include/generated/asm/trace_clock.h
  WRAP    arch/arm64/include/generated/asm/types.h
  WRAP    arch/arm64/include/generated/asm/unaligned.h
  WRAP    arch/arm64/include/generated/asm/user.h
  WRAP    arch/arm64/include/generated/asm/vga.h
  WRAP    arch/arm64/include/generated/asm/xor.h
  WRAP    arch/arm64/include/generated/uapi/asm/kvm_para.h
  CHK     include/generated/uapi/linux/version.h
  UPD     include/generated/uapi/linux/version.h
  HOSTCC  scripts/basic/fixdep
  HOSTCC  scripts/basic/bin2c
  HOSTCC  scripts/dtc/dtc.o
  HOSTCC  scripts/genksyms/genksyms.o
  SHIPPED scripts/genksyms/parse.tab.c
  HOSTCC  scripts/dtc/flattree.o
  HOSTCC  scripts/kallsyms
  CC      scripts/mod/empty.o
  HOSTCC  scripts/dtc/fstree.o
  HOSTCC  scripts/mod/mk_elfconfig
  HOSTCC  scripts/pnmtologo
  HOSTCC  scripts/sortextable
  HOSTCC  scripts/selinux/genheaders/genheaders
  SHIPPED scripts/genksyms/lex.lex.c
  HOSTCC  scripts/selinux/mdp/mdp
  SHIPPED scripts/genksyms/keywords.hash.c
  HOSTCC  scripts/dtc/data.o
  HOSTCC  scripts/dtc/livetree.o
  SHIPPED scripts/genksyms/parse.tab.h
  HOSTCC  scripts/genksyms/parse.tab.o
  HOSTCC  scripts/dtc/treesource.o
  CC      scripts/mod/devicetable-offsets.s
  HOSTCC  scripts/genksyms/lex.lex.o
  HOSTCC  scripts/dtc/srcpos.o
  HOSTCC  scripts/dtc/checks.o
  HOSTCC  scripts/dtc/util.o
  SHIPPED scripts/dtc/dtc-lexer.lex.c
  SHIPPED scripts/dtc/dtc-parser.tab.h
  SHIPPED scripts/dtc/dtc-parser.tab.c
  HOSTLD  scripts/genksyms/genksyms
  HOSTCC  scripts/dtc/dtc-lexer.lex.o
  HOSTCC  scripts/dtc/dtc-parser.tab.o
  MKELF   scripts/mod/elfconfig.h
  HOSTLD  scripts/dtc/dtc
  HOSTCC  scripts/mod/modpost.o
  HOSTCC  scripts/mod/sumversion.o
  CHK     scripts/mod/devicetable-offsets.h
  UPD     scripts/mod/devicetable-offsets.h
  HOSTCC  scripts/mod/file2alias.o
  HOSTLD  scripts/mod/modpost
  UPD     include/config/kernel.release
  Using .. as source for kernel
  CHK     include/generated/utsrelease.h
  UPD     include/generated/utsrelease.h
  CHK     include/generated/timeconst.h
  CC      kernel/bounds.s
  UPD     include/generated/timeconst.h
  CHK     include/generated/bounds.h
  UPD     include/generated/bounds.h
  CC      arch/arm64/kernel/asm-offsets.s
  CHK     include/generated/asm-offsets.h
  UPD     include/generated/asm-offsets.h
  CALL    ../scripts/checksyscalls.sh
  LDS     arch/arm64/kernel/vdso/vdso.lds
  VDSOC   arch/arm64/kernel/vdso/vgettimeofday.o
  VDSOA   arch/arm64/kernel/vdso/note.o
  VDSOA   arch/arm64/kernel/vdso/sigreturn.o
  VDSOL   arch/arm64/kernel/vdso/vdso.so.dbg
  VDSOSYM include/generated/vdso-offsets.h
  LDS     arch/arm64/kernel/vdso32/vdso.lds
  VDSOC32   arch/arm64/kernel/vdso32/vgettimeofday.o
  VDSOA32   arch/arm64/kernel/vdso32/sigreturn.o
  HOSTCC  arch/arm64/kernel/vdso32/../../../arm/vdso/vdsomunge
  VDSOL32   arch/arm64/kernel/vdso32/vdso.so.raw
  MUNGE   arch/arm64/kernel/vdso32/vdso.so.dbg
  VDSOSYM include/generated/vdso32-offsets.h
  CC      init/main.o
  CHK     include/generated/compile.h
  CC      init/do_mounts.o
  CC      init/do_mounts_rd.o
  CC      init/do_mounts_initrd.o
  CC      init/do_mounts_dm.o
  CC      init/noinitramfs.o
  CC      init/initramfs.o
  CC      init/calibrate.o
  CC      init/init_task.o
  UPD     include/generated/compile.h
  CC      init/version.o
  HOSTCC  usr/gen_init_cpio
  CC      arch/arm64/mm/dma-mapping.o
  CC      arch/arm64/mm/extable.o
  CC      arch/arm64/mm/fault.o
  CC      arch/arm64/kernel/debug-monitors.o
  LD      arch/arm64/net/built-in.o
  CC      arch/arm64/crypto/sha1-ce-glue.o
  GEN     usr/initramfs_data.cpio.gz
  AS      usr/initramfs_data.o
  LD      usr/built-in.o
  LD      certs/built-in.o
  CC      kernel/fork.o
  CC      mm/filemap.o
  CC      kernel/exec_domain.o
  CC      kernel/panic.o
  CC      arch/arm64/mm/init.o
  AS      arch/arm64/mm/cache.o
  CC      arch/arm64/mm/copypage.o
  AS      arch/arm64/kernel/entry.o
  CC      arch/arm64/kernel/irq.o
  CC      arch/arm64/kernel/fpsimd.o
  AS      arch/arm64/kernel/entry-fpsimd.o
  CC      kernel/cpu.o
  CC      arch/arm64/mm/flush.o
  AS      arch/arm64/crypto/sha1-ce-core.o
  CC      arch/arm64/crypto/sha2-ce-glue.o
  CC      fs/open.o
  CC      mm/mempool.o
  CC      kernel/exit.o
  CC      arch/arm64/mm/ioremap.o
  CC      arch/arm64/kernel/process.o
  CC      arch/arm64/kernel/ptrace.o
  CC      arch/arm64/kernel/setup.o
  CC      arch/arm64/mm/mmap.o
  CC      arch/arm64/mm/pgd.o
  AS      arch/arm64/crypto/sha2-ce-core.o
  CC      arch/arm64/crypto/ghash-ce-glue.o
  LD      init/mounts.o
  CC      kernel/softirq.o
  LD      init/built-in.o
  LD      ipc/built-in.o
  CC      security/integrity/iint.o
  AS      arch/arm64/crypto/ghash-ce-core.o
  CC      arch/arm64/kernel/signal.o
  CC      arch/arm64/mm/mmu.o
  CC      mm/oom_kill.o
  CC      arch/arm64/mm/context.o
  CC      security/keys/gc.o
  CC      fs/read_write.o
  CC      security/integrity/integrity_audit.o
  CC      arch/arm64/crypto/aes-ce-cipher-glue.o
  CC      fs/file_table.o
  CC      arch/arm64/crypto/aes-ce-cipher-core.o
  CC      arch/arm64/kernel/sys.o
  CC      arch/arm64/kernel/stacktrace.o
  AS      arch/arm64/mm/proc.o
  CC      arch/arm64/mm/pageattr.o
  CC      kernel/resource.o
  CC      security/keys/key.o
  CC      kernel/sysctl.o
  LD      security/integrity/integrity.o
  LD      security/integrity/built-in.o
  CC      security/keys/keyring.o
  CC      arch/arm64/kernel/time.o
  CC      arch/arm64/crypto/aes-ce-ccm-glue.o
  AS      arch/arm64/crypto/aes-ce-ccm-core.o
  CC      arch/arm64/kernel/traps.o
  CC      security/keys/keyctl.o
  CC      security/keys/permission.o
  CC      arch/arm64/kernel/io.o
  CC      arch/arm64/kernel/vdso.o
  LD      arch/arm64/mm/built-in.o
  CC      mm/maccess.o
  CC      block/bio.o
  AS      arch/arm64/kernel/hyp-stub.o
  CC      crypto/api.o
  CC      block/elevator.o
  CC      arch/arm64/kernel/psci.o
  CC      arch/arm64/kernel/cpu_ops.o
  CC      arch/arm64/crypto/aes-glue-ce.o
  AS      arch/arm64/crypto/aes-ce.o
  CC      arch/arm64/crypto/aes-glue-neon.o
  CC      arch/arm64/kernel/insn.o
  CC      block/blk-core.o
  CC      block/blk-tag.o
  CC      fs/super.o
  CC      security/keys/process_keys.o
  CC      security/keys/request_key.o
  CC      arch/arm64/kernel/return_address.o
  CC      arch/arm64/kernel/cpuinfo.o
  CC      mm/page_alloc.o
  CC      arch/arm64/kernel/cpu_errata.o
  AS      arch/arm64/crypto/aes-neon.o
  CC      arch/arm64/crypto/crc32-arm64.o
  LD      arch/arm64/crypto/sha1-ce.o
  LD      arch/arm64/crypto/sha2-ce.o
  LD      arch/arm64/crypto/ghash-ce.o
  LD      arch/arm64/crypto/aes-ce-cipher.o
  LD      arch/arm64/crypto/aes-ce-ccm.o
  LD      arch/arm64/crypto/aes-ce-blk.o
  LD      arch/arm64/crypto/aes-neon-blk.o
  CC      arch/arm64/kernel/cpufeature.o
  CC      crypto/cipher.o
  CC      security/keys/request_key_auth.o
  CC      security/keys/user_defined.o
  CC      arch/arm64/kernel/alternative.o
  CC      kernel/sysctl_binary.o
  CC      crypto/compress.o
  CC      arch/arm64/kernel/cacheinfo.o
  CC      block/blk-sysfs.o
  CC      arch/arm64/kernel/smp.o
  CC      block/blk-flush.o
  CC      fs/char_dev.o
  CC      security/keys/compat.o
  CC      arch/arm64/kernel/smp_spin_table.o
  LD      arch/arm64/crypto/built-in.o
  CC      block/blk-settings.o
  CC      fs/stat.o
  CC      fs/exec.o
  CC      drivers/amba/bus.o
  CC      arch/arm64/kernel/topology.o
  CC      crypto/memneq.o
  CC      kernel/capability.o
  CC      block/blk-ioc.o
  AS      arch/arm64/kernel/smccc-call.o
  CC      arch/arm64/kernel/sys32.o
  CC      arch/arm64/kernel/signal32.o
  CC      security/keys/proc.o
  CC      block/blk-map.o
  CC      arch/arm64/kernel/sys_compat.o
  AS      arch/arm64/kernel/entry32.o
  AS      arch/arm64/kernel/kuser32.o
  CC      arch/arm64/kernel/arm64ksyms.o
  LD      drivers/amba/built-in.o
  CC      crypto/crypto_wq.o
  CC      block/blk-exec.o
  CC      drivers/android/binder.o
  CC      crypto/algapi.o
  CC      arch/arm64/kernel/module.o
  CC      security/keys/sysctl.o
  CC      block/blk-merge.o
  LD      security/keys/built-in.o
  CC      block/blk-softirq.o
  CC      security/pfe/pfk.o
  CC      kernel/ptrace.o
  CC      security/pfe/pfk_kc.o
  CC      drivers/android/binder_alloc.o
  CC      security/pfe/pfk_ice.o
  CC      arch/arm64/kernel/module-plts.o
  CC      arch/arm64/kernel/perf_regs.o
  CC      crypto/scatterwalk.o
  CC      block/blk-timeout.o
  CC      crypto/proc.o
  CC      fs/pipe.o
  CC      mm/page-writeback.o
  CC      security/pfe/pfk_ext4.o
  CC      security/pfe/pfk_f2fs.o
  LD      drivers/auxdisplay/built-in.o
  CC      crypto/aead.o
  CC      fs/namei.o
  CC      block/blk-lib.o
  CC      arch/arm64/kernel/perf_callchain.o
  CC      crypto/ablkcipher.o
  CC      crypto/blkcipher.o
  CC      block/blk-mq.o
  CC      mm/readahead.o
  CC      kernel/user.o
  CC      crypto/skcipher.o
  CC      block/blk-mq-tag.o
  CC      crypto/seqiv.o
  LD      security/pfe/built-in.o
  GEN     security/selinux/flask.h security/selinux/av_permissions.h
  CC      security/selinux/avc.o
  CC      arch/arm64/kernel/perf_event.o
  CC      security/selinux/hooks.o
  CC      kernel/signal.o
  CC      fs/fcntl.o
  CC      crypto/echainiv.o
  CC      crypto/ahash.o
  CC      crypto/shash.o
  CC      crypto/akcipher.o
  CC      mm/swap.o
  CC      block/blk-mq-sysfs.o
  CC      arch/arm64/kernel/perf_trace_counters.o
  CC      arch/arm64/kernel/perf_trace_user.o
  CC      crypto/kpp.o
  CC      mm/truncate.o
  CC      crypto/algboss.o
  CC      block/blk-mq-cpumap.o
  CC      arch/arm64/kernel/hw_breakpoint.o
  CC      fs/ioctl.o
  CC      crypto/testmgr.o
  CC      crypto/cmac.o
  CC      block/ioctl.o
  AS      arch/arm64/kernel/sleep.o
  CC      block/genhd.o
  CC      arch/arm64/kernel/suspend.o
  LD      drivers/android/built-in.o
  CC      drivers/base/component.o
  CC      kernel/sys.o
  CC      fs/readdir.o
  CC      drivers/base/core.o
  CC      block/scsi_ioctl.o
  CC      mm/vmscan.o
  CC      mm/shmem.o
  CC      arch/arm64/kernel/cpuidle.o
  CC      crypto/hmac.o
  CC      arch/arm64/kernel/bootinfo.o
  CC      crypto/xcbc.o
  CC      block/partition-generic.o
  CC      drivers/base/bus.o
  CC      arch/arm64/kernel/pci.o
  CC      block/ioprio.o
  CC      crypto/crypto_null.o
  CC      arch/arm64/kernel/armv8_deprecated.o
  CC      kernel/kmod.o
  CC      fs/select.o
  CC      crypto/md4.o
  CC      crypto/md5.o
  CC      block/badblocks.o
  CC      block/partitions/check.o
  CC      arch/arm64/kernel/kaslr.o
  CC      drivers/base/dd.o
  CC      block/bounce.o
  CC      crypto/sha1_generic.o
  CC      kernel/workqueue.o
  CC      arch/arm64/kernel/ssbd.o
  CC      drivers/base/syscore.o
  CC      crypto/sha256_generic.o
  CC      block/bsg.o
  LD      arch/arm64/kernel/probes/built-in.o
  CC      block/partitions/msdos.o
  OBJCOPY arch/arm64/kernel/vdso/vdso.so
  AS      arch/arm64/kernel/vdso/vdso.o
  CC      crypto/sha512_generic.o
  LD      arch/arm64/kernel/vdso/built-in.o
  CC      kernel/pid.o
  CC      crypto/gf128mul.o
  CC      crypto/ecb.o
  CC      mm/util.o
  OBJCOPY arch/arm64/kernel/vdso32/vdso.so
  AS      arch/arm64/kernel/vdso32/vdso.o
  CC      drivers/base/driver.o
  LD      arch/arm64/kernel/vdso32/built-in.o
  AS      arch/arm64/kernel/head.o
  LDS     arch/arm64/kernel/vmlinux.lds
  LD      arch/arm64/kernel/built-in.o
  CC      drivers/base/class.o
  CC      crypto/cbc.o
  CC      block/partitions/efi.o
  CC      mm/mmzone.o
  CC      crypto/cts.o
  CC      fs/dcache.o
  CC      drivers/base/platform.o
  CC      drivers/base/cpu.o
  CC      drivers/base/firmware.o
  CC      drivers/base/init.o
  CC      crypto/xts.o
  CC      block/noop-iosched.o
  CC      mm/vmstat.o
  CC      mm/backing-dev.o
  CC      drivers/base/map.o
  CC      kernel/task_work.o
  CC      crypto/ctr.o
  LD      block/partitions/built-in.o
  CC      block/deadline-iosched.o
  CC      drivers/base/devres.o
  CC      drivers/base/attribute_container.o
  CC      drivers/base/transport_class.o
  CC      crypto/gcm.o
  CC      drivers/base/topology.o
  CC      block/cfq-iosched.o
  CC      drivers/base/container.o
  CC      kernel/extable.o
  CC      crypto/cryptd.o
  CC      drivers/base/property.o
  CC      drivers/base/cacheinfo.o
  CC      drivers/base/dma-contiguous.o
  CC      block/compat_ioctl.o
  CC      block/blk-mq-pci.o
  CC      drivers/base/power/sysfs.o
  CC      drivers/base/power/generic_ops.o
  CC      drivers/base/regmap/regmap.o
  CC      crypto/des_generic.o
  CC      kernel/params.o
  CC      mm/mm_init.o
  CC      crypto/twofish_generic.o
  CC      mm/mmu_context.o
  CC      kernel/kthread.o
  CC      drivers/base/dma-mapping.o
  CC      fs/inode.o
  CC      drivers/base/power/common.o
  CC      drivers/base/power/qos.o
  CC      mm/percpu.o
  CC      crypto/twofish_common.o
  CC      drivers/base/power/runtime.o
  CC      crypto/aes_generic.o
  CC      mm/slab_common.o
  CC      mm/compaction.o
  LD      block/built-in.o
  CC      crypto/arc4.o
  CC      crypto/deflate.o
  CC      kernel/sys_ni.o
  CC      kernel/nsproxy.o
  CC      drivers/base/power/wakeirq.o
  CC      drivers/base/dma-coherent.o
  CC      drivers/base/dma-removed.o
  CC      crypto/crc32c_generic.o
  CC      crypto/crc32_generic.o
  CC      crypto/authenc.o
  CC      kernel/notifier.o
  CC      crypto/authencesn.o
  CC      drivers/base/power/main.o
  CC      mm/vmacache.o
  CC      drivers/base/power/wakeup.o
  CC      drivers/base/power/opp/core.o
  CC      drivers/base/regmap/regcache.o
  CC      drivers/base/power/opp/cpu.o
  CC      drivers/base/firmware_class.o
  CC      crypto/lzo.o
  CC      crypto/rng.o
  CC      fs/attr.o
  CC      fs/bad_inode.o
  CC      drivers/base/regmap/regcache-rbtree.o
  CC      kernel/ksysfs.o
  CC      crypto/ansi_cprng.o
  CC      crypto/drbg.o
  CC      drivers/base/power/opp/of.o
  CC      mm/interval_tree.o
  CC      fs/file.o
  CC      crypto/jitterentropy.o
  CC      mm/list_lru.o
  CC      crypto/jitterentropy-kcapi.o
  CC      drivers/block/brd.o
  CC      drivers/base/power/opp/debugfs.o
  CC      drivers/base/regmap/regcache-lzo.o
  CC      drivers/base/module.o
  CC      kernel/cred.o
  CC      drivers/block/loop.o
  CC      drivers/base/power/domain.o
  CC      drivers/base/soc.o
  CC      crypto/ghash-generic.o
  CC      drivers/base/power/domain_governor.o
  CC      drivers/base/power/clock_ops.o
  LD      drivers/base/power/opp/built-in.o
  CC      kernel/reboot.o
  CC      fs/filesystems.o
  CC      drivers/base/regmap/regcache-flat.o
  CC      fs/namespace.o
  CC      fs/seq_file.o
  CC      mm/workingset.o
  CC      mm/debug.o
  CC      drivers/base/pinctrl.o
  CC      mm/gup.o
  CC      drivers/base/platform-msi.o
  CC      drivers/base/regmap/regmap-debugfs.o
  CC      crypto/ablk_helper.o
  CC      kernel/async.o
  CC      fs/xattr.o
  CC      fs/libfs.o
  CC      mm/highmem.o
  CC      mm/memory.o
  CC      fs/fs-writeback.o
  CC      kernel/range.o
  CC      fs/pnode.o
  LD      drivers/base/power/built-in.o
  CC      fs/splice.o
  LD      crypto/crypto.o
  LD      crypto/crypto_algapi.o
  LD      crypto/crypto_blkcipher.o
  LD      crypto/crypto_hash.o
  LD      crypto/cryptomgr.o
  LD      crypto/jitterentropy_rng.o
  CC      fs/sync.o
  CC      kernel/smpboot.o
  CC      mm/mincore.o
  CC      drivers/block/zram/zcomp.o
  CC      drivers/base/regmap/regmap-i2c.o
  CC      drivers/base/regmap/regmap-spi.o
  CC      mm/mlock.o
  LD      crypto/built-in.o
  CC      mm/mmap.o
  CC      mm/mprotect.o
  CC      fs/utimes.o
  CC      drivers/block/zram/zram_drv.o
  CC      mm/mremap.o
  CC      drivers/base/regmap/regmap-spmi.o
  CC      drivers/base/regmap/regmap-mmio.o
  CC      kernel/ucount.o
  CC      kernel/groups.o
  CC      kernel/bpf/core.o
  CC      kernel/events/core.o
  CC      kernel/bpf/syscall.o
  CC      kernel/bpf/verifier.o
  CC      kernel/bpf/inode.o
  CC      kernel/irq/irqdesc.o
  CC      mm/msync.o
  CC      mm/rmap.o
  CC      mm/vmalloc.o
  CC      mm/pagewalk.o
  LD      drivers/base/regmap/built-in.o
  CC      mm/pgtable-generic.o
  LD      drivers/base/built-in.o
  CC      drivers/bluetooth/bluetooth-power.o
  LD      drivers/block/zram/zram.o
  LD      drivers/block/zram/built-in.o
  LD      drivers/block/built-in.o
  LD      drivers/bus/built-in.o
  LD      drivers/cdrom/built-in.o
  CC      drivers/char/mem.o
  LD      kernel/livepatch/built-in.o
  CC      kernel/locking/mutex.o
  CC      mm/process_vm_access.o
  CC      mm/showmem.o
  CC      mm/vmpressure.o
  CC      mm/init-mm.o
  CC      kernel/irq/handle.o
  CC      drivers/bluetooth/btfm_slim.o
  CC      kernel/bpf/helpers.o
  CC      kernel/bpf/hashtab.o
  CC      mm/nobootmem.o
  CC      mm/fadvise.o
  CC      drivers/char/random.o
  CC      mm/madvise.o
  CC      kernel/locking/semaphore.o
  CC      mm/memblock.o
  CC      mm/page_io.o
  CC      mm/swap_state.o
  CC      kernel/bpf/arraymap.o
  CC      kernel/irq/manage.o
  CC      drivers/bluetooth/btfm_slim_codec.o
  CC      drivers/bluetooth/btfm_slim_wcn3990.o
  CC      kernel/bpf/percpu_freelist.o
  CC      kernel/locking/rwsem.o
  CC      mm/swapfile.o
  CC      mm/swap_ratio.o
  CC      kernel/bpf/stackmap.o
  CC      mm/dmapool.o
  CC      mm/sparse.o
  CC      kernel/bpf/cgroup.o
  CC      mm/sparse-vmemmap.o
  CC      mm/slub.o
  CC      mm/migrate.o
  CC      mm/page_counter.o
  CC      kernel/locking/percpu-rwsem.o
  LD      drivers/bluetooth/built-in.o
  LD      drivers/char/ipmi/built-in.o
  CC      drivers/clk/clk-devres.o
  CC      mm/memcontrol.o
  CC      kernel/irq/spurious.o
  CC      mm/swap_cgroup.o
  CC      kernel/irq/resend.o
  CC      mm/page_isolation.o
  CC      kernel/locking/spinlock.o
  CC      kernel/irq/chip.o
  CC      mm/zsmalloc.o
  CC      mm/early_ioremap.o
  CC      drivers/char/misc.o
  CC      drivers/clk/clkdev.o
  CC      kernel/irq/dummychip.o
  CC      kernel/irq/devres.o
  CC      mm/cma.o
  CC      kernel/locking/osq_lock.o
  CC      drivers/clk/clk.o
  CC      mm/usercopy.o
  LD      kernel/bpf/built-in.o
  CC      kernel/power/qos.o
  CC      kernel/locking/rtmutex.o
  LD      drivers/char/agp/built-in.o
  CC      kernel/power/main.o
  CC      drivers/char/diag/diagchar_core.o
  CC      kernel/irq/autoprobe.o
  CC      drivers/clk/clk-divider.o
  CC      kernel/power/process.o
  CC      kernel/power/suspend.o
  CC      kernel/irq/irqdomain.o
  CC      kernel/events/ring_buffer.o
  CC      kernel/events/callchain.o
  CC      kernel/events/hw_breakpoint.o
  CC      kernel/irq/proc.o
  CC      kernel/locking/rwsem-xadd.o
  CC      kernel/irq/cpuhotplug.o
  CC      kernel/power/wakelock.o
  CC      drivers/clk/clk-fixed-factor.o
  CC      kernel/power/poweroff.o
  CC      drivers/char/diag/diagchar_hdlc.o
  CC      kernel/power/wakeup_reason.o
  CC      drivers/char/diag/diagfwd.o
  CC      drivers/char/diag/diagfwd_glink.o
  CC      kernel/irq/pm.o
  CC      kernel/irq/msi.o
  CC      kernel/locking/qrwlock.o
  CC      kernel/irq/affinity.o
  CC      drivers/char/diag/diagfwd_peripheral.o
  CC      drivers/char/diag/diagfwd_socket.o
  CC      drivers/char/diag/diag_mux.o
  CC      drivers/char/diag/diag_memorydevice.o
  LD      kernel/locking/built-in.o
  CC      drivers/clk/clk-fixed-rate.o
  LD      kernel/events/built-in.o
  CC      kernel/printk/printk.o
  CC      kernel/rcu/update.o
  CC      drivers/char/diag/diag_usb.o
  LD      kernel/power/built-in.o
  CC      kernel/sched/core.o
  CC      kernel/sched/loadavg.o
  CC      drivers/char/diag/diagmem.o
  LD      mm/built-in.o
  CC      drivers/char/diag/diagfwd_cntl.o
  CC      drivers/char/diag/diag_dci.o
  CC      drivers/char/diag/diag_masks.o
  CC      drivers/char/diag/diag_debugfs.o
  CC      drivers/char/diag/diag_pcie.o
  LD      kernel/irq/built-in.o
  CC      kernel/time/time.o
  CC      drivers/clk/clk-gate.o
  CC      kernel/sched/clock.o
  CC      kernel/sched/cputime.o
  CC      kernel/sched/idle_task.o
  CC      drivers/clk/clk-multiplier.o
  CC      kernel/rcu/sync.o
  CC      kernel/rcu/srcu.o
  CC      kernel/sched/fair.o
  CC      kernel/sched/rt.o
  CC      kernel/sched/deadline.o
  CC      drivers/clk/clk-mux.o
  CC      kernel/rcu/tree.o
  CC      drivers/clk/clk-composite.o
  CC      kernel/sched/stop_task.o
  CC      kernel/time/timer.o
  CC      drivers/clk/clk-fractional-divider.o
  CC      kernel/time/hrtimer.o
  CC      kernel/sched/wait.o
  CC      kernel/sched/swait.o
  LD      drivers/char/diag/diagchar.o
  LD      drivers/char/diag/built-in.o
  CC      drivers/char/hw_random/core.o
  CC      kernel/time/itimer.o
  LD      kernel/printk/built-in.o
  CC      kernel/time/posix-timers.o
  CC      kernel/time/posix-cpu-timers.o
  CC      drivers/clk/clk-gpio.o
  CC      kernel/sched/completion.o
  CC      kernel/sched/idle.o
  CC      drivers/clk/clk-conf.o
  CC      kernel/sched/cpupri.o
  CC      kernel/sched/cpudeadline.o
  CC      kernel/time/timekeeping.o
  CC      drivers/char/hw_random/msm_rng.o
  CC      kernel/sched/energy.o
  CC      drivers/clk/clk-xgene.o
  CC      kernel/time/ntp.o
  CC      kernel/time/clocksource.o
  CC      kernel/sched/sched_avg.o
  CC      kernel/time/jiffies.o
  LD      drivers/clk/bcm/built-in.o
  CC      kernel/sched/walt.o
  LD      drivers/clk/msm/mdss/built-in.o
  LD      drivers/clk/mvebu/built-in.o
  LD      drivers/clk/msm/built-in.o
  LD      drivers/clk/ti/built-in.o
  CC      kernel/sched/boost.o
  CC      drivers/clk/qcom/common.o
  CC      kernel/sched/auto_group.o
  CC      kernel/sched/stats.o
  CC      kernel/time/timer_list.o
  CC      drivers/char/hw_random/cavium-rng.o
  CC      kernel/sched/debug.o
  CC      kernel/time/timeconv.o
  CC      kernel/time/timecounter.o
  CC      kernel/time/posix-clock.o
  CC      kernel/time/alarmtimer.o
  CC      drivers/clk/qcom/clk-regmap.o
  CC      kernel/time/clockevents.o
  CC      kernel/sched/tune.o
  CC      drivers/char/adsprpc.o
  CC      drivers/char/adsprpc_compat.o
  CC      kernel/time/tick-common.o
  CC      drivers/char/hw_random/cavium-rng-vf.o
  LD      kernel/rcu/built-in.o
  CC      kernel/trace/trace_clock.o
  CC      kernel/sched/cpuacct.o
  CC      kernel/sched/cpufreq.o
  CC      drivers/clk/qcom/clk-alpha-pll.o
  CC      kernel/time/tick-broadcast.o
  CC      kernel/time/tick-broadcast-hrtimer.o
  CC      kernel/sched/cpufreq_schedutil.o
  CC      kernel/trace/ring_buffer.o
  LD      drivers/char/hw_random/rng-core.o
  LD      drivers/char/hw_random/built-in.o
  CC      kernel/time/sched_clock.o
  CC      kernel/time/tick-oneshot.o
  CC      kernel/sched/core_ctl.o
  CC      kernel/sched/psi.o
  CC      kernel/time/tick-sched.o
  CC      drivers/clk/qcom/clk-pll.o
  CC      kernel/time/timekeeping_debug.o
  CC      drivers/clk/qcom/clk-rcg.o
  CC      drivers/clk/qcom/clk-rcg2.o
  CC      kernel/freezer.o
  CC      kernel/profile.o
  CC      kernel/stacktrace.o
  CC      drivers/clk/qcom/clk-branch.o
  CC      drivers/clk/qcom/clk-regmap-divider.o
  CC      drivers/clk/qcom/clk-regmap-mux.o
  CC      drivers/clk/qcom/clk-regmap-mux-div.o
  CC      drivers/clk/qcom/reset.o
  CC      kernel/futex.o
  CC      drivers/clk/qcom/clk-voter.o
  LD      kernel/time/built-in.o
  CC      kernel/smp.o
  CC      drivers/clk/qcom/clk-dummy.o
  CC      drivers/clk/qcom/clk-debug.o
  CC      drivers/clk/qcom/gdsc.o
  CC      drivers/clk/qcom/gdsc-regulator.o
  CC      kernel/uid16.o
  CC      drivers/clk/qcom/clk-cpu-osm.o
  CC      drivers/clk/qcom/clk-qpnp-div.o
  CC      kernel/trace/trace.o
  CC      kernel/module.o
  CC      kernel/kallsyms.o
  LD      drivers/char/built-in.o
  CC      drivers/clocksource/clksrc-probe.o
  CC      drivers/clk/qcom/camcc-sdm845.o
  CC      drivers/clk/qcom/clk-aop-qmp.o
  CC      drivers/clk/qcom/clk-rpmh.o
  CC      drivers/clk/qcom/dispcc-sdm845.o
  CC      drivers/clk/qcom/gcc-sdm845.o
  CC      drivers/clk/qcom/debugcc-sdm845.o
  CC      drivers/clk/qcom/gpucc-sdm845.o
  CC      drivers/clocksource/arm_arch_timer.o
  CC      kernel/compat.o
  CC      kernel/cgroup.o
  CC      drivers/clk/qcom/videocc-sdm845.o
  CC      drivers/clk/qcom/mdss/mdss-pll-util.o
  LD      drivers/clk/qcom/clk-qcom.o
  CC      drivers/clk/qcom/mdss/mdss-pll.o
  CC      kernel/cgroup_freezer.o
  CC      drivers/clk/qcom/mdss/mdss-dsi-pll-10nm.o
  CC      drivers/clk/qcom/mdss/mdss-dp-pll-10nm.o
  CC      drivers/clk/qcom/mdss/mdss-dp-pll-10nm-util.o
  LD      kernel/sched/built-in.o
  CC      kernel/cpuset.o
  GZIP    kernel/config_data.gz
  CC      kernel/stop_machine.o
  CC      kernel/audit.o
  CC      kernel/auditfilter.o
  CC      kernel/seccomp.o
  CC      kernel/utsname_sysctl.o
  CC      kernel/taskstats.o
  CC      kernel/tsacct.o
  CC      drivers/cpufreq/cpufreq.o
  CC      drivers/clocksource/dummy_timer.o
  CC      drivers/cpufreq/freq_table.o
  CC      kernel/trace/trace_output.o
  CC      kernel/tracepoint.o
  CC      kernel/irq_work.o
  LD      drivers/clk/qcom/mdss/built-in.o
  LD      drivers/clk/qcom/built-in.o
  LD      drivers/clk/built-in.o
  CC      drivers/cpuidle/cpuidle.o
  LD      drivers/clocksource/built-in.o
  CC      drivers/crypto/msm/qce50.o
  CC      drivers/cpuidle/driver.o
  CC      kernel/cpu_pm.o
  CC      kernel/membarrier.o
  CC      kernel/trace/trace_seq.o
  CC      kernel/memremap.o
  CHK     kernel/config_data.h
  UPD     kernel/config_data.h
  CC      kernel/configs.o
  CC      kernel/trace/trace_stat.o
  CC      kernel/trace/trace_printk.o
  CC      kernel/trace/trace_sched_switch.o
  CC      kernel/trace/trace_cpu_freq_switch.o
  CC      kernel/trace/trace_nop.o
  CC      kernel/trace/blktrace.o
  CC      drivers/cpuidle/governor.o
  CC      drivers/cpuidle/sysfs.o
  CC      drivers/cpuidle/governors/menu.o
  CC      kernel/trace/trace_events.o
  CC      kernel/trace/trace_export.o
  CC      kernel/trace/trace_event_perf.o
  CC      drivers/cpufreq/cpufreq_stats.o
  CC      drivers/cpuidle/lpm-levels.o
  CC      drivers/cpuidle/lpm-levels-of.o
  CC      kernel/trace/trace_events_filter.o
  CC      kernel/trace/trace_events_trigger.o
  CC      kernel/trace/power-traces.o
  CC      kernel/trace/rpm-traces.o
  LD      drivers/cpuidle/governors/built-in.o
  CC      kernel/trace/ipc_logging.o
  CC      drivers/cpufreq/cpufreq_times.o
  CC      kernel/trace/ipc_logging_debug.o
  CC      drivers/cpufreq/cpufreq_performance.o
  CC      drivers/cpufreq/cpufreq_powersave.o
  CC      drivers/cpufreq/cpufreq_userspace.o
  CC      drivers/cpufreq/cpufreq_ondemand.o
  CC      drivers/cpufreq/cpufreq_conservative.o
  CC      drivers/cpufreq/cpufreq_governor.o
  CC      drivers/cpufreq/cpufreq_governor_attr_set.o
  CC      drivers/cpufreq/cpu-boost.o
  CC      drivers/crypto/msm/qcedev_smmu.o
  CC      drivers/crypto/msm/qcedev.o
  CC      drivers/crypto/msm/qcrypto.o
  CC      drivers/crypto/msm/ice.o
  CC      drivers/devfreq/devfreq.o
  CC      drivers/devfreq/governor_simpleondemand.o
  CC      drivers/devfreq/governor_performance.o
  CC      drivers/devfreq/governor_powersave.o
  CC      drivers/devfreq/governor_userspace.o
  CC      drivers/devfreq/governor_cpufreq.o
  CC      drivers/devfreq/governor_msm_adreno_tz.o
  LD      drivers/cpufreq/built-in.o
  CC      drivers/devfreq/governor_bw_vbif.o
  CC      drivers/devfreq/governor_gpubw_mon.o
  CC      drivers/devfreq/bimc-bwmon.o
  CC      drivers/devfreq/arm-memlat-mon.o
  LD      kernel/trace/built-in.o
  LD      kernel/built-in.o
  CC      drivers/devfreq/msmcci-hwmon.o
  CC      drivers/dma/dmaengine.o
  CC      drivers/dma/virt-dma.o
  CC      drivers/devfreq/m4m-hwmon.o
  CC      drivers/devfreq/governor_bw_hwmon.o
  CC      drivers/devfreq/governor_cache_hwmon.o
  LD      drivers/cpuidle/built-in.o
  CC      drivers/dma-buf/dma-buf.o
  CC      drivers/devfreq/governor_memlat.o
  CC      drivers/devfreq/devfreq_devbw.o
  CC      drivers/devfreq/devfreq_simple_dev.o
  CC      drivers/dma-buf/fence.o
  CC      drivers/dma-buf/reservation.o
  CC      drivers/dma/of-dma.o
  CC      drivers/dma/qcom/gpi.o
  CC      drivers/dma-buf/seqno-fence.o
  LD      drivers/dma/xilinx/built-in.o
  CC      drivers/extcon/extcon.o
  CC      drivers/extcon/devres.o
  CC      drivers/extcon/extcon-gpio.o
  CC      drivers/extcon/extcon-usb-gpio.o
  LD      drivers/firewire/built-in.o
  CC      drivers/dma-buf/fence-array.o
  CC      drivers/dma-buf/sync_file.o
  LD      drivers/devfreq/built-in.o
  CC      drivers/firmware/psci.o
  CC      drivers/gpio/devres.o
  CC      drivers/gpio/gpiolib.o
  CC      drivers/firmware/qcom_scm.o
  CC      drivers/firmware/qcom_scm-64.o
  LD      drivers/firmware/broadcom/built-in.o
  LD      drivers/firmware/meson/built-in.o
  CC      drivers/firmware/qcom/tz_log.o
  CC      drivers/gps/bcm_gps_spi.o
  CC      drivers/gps/bbd.o
  CC      drivers/gps/bbd_rpc_lh.o
  LD      drivers/extcon/extcon-core.o
  LD      drivers/extcon/built-in.o
  CC      drivers/gpio/gpiolib-legacy.o
  CC      drivers/hid/hid-core.o
  CC      drivers/gpu/drm/drm_crtc_helper.o
  CC      drivers/gpu/msm/kgsl.o
  CC      drivers/gpu/msm/kgsl_trace.o
  CC      drivers/gpio/gpiolib-of.o
  LD      drivers/dma-buf/built-in.o
  LD      drivers/dma/qcom/built-in.o
  LD      drivers/dma/built-in.o
  CC      drivers/gpio/gpiolib-sysfs.o
  CC      drivers/hwmon/hwmon.o
  CC      drivers/gpu/drm/drm_dp_helper.o
  CC      drivers/gpu/drm/drm_probe_helper.o
  LD      drivers/firmware/qcom/built-in.o
  LD      drivers/firmware/built-in.o
  CC      drivers/hwspinlock/hwspinlock_core.o
  CC      drivers/hwspinlock/msm_remote_spinlock.o
  LD      drivers/hwtracing/intel_th/built-in.o
  CC      drivers/i2c/i2c-boardinfo.o
  CC      drivers/gpio/gpio-msm-smp2p.o
  LD      drivers/crypto/msm/qcedevice.o
  LD      drivers/crypto/msm/built-in.o
  LD      drivers/crypto/built-in.o
  LD      drivers/idle/built-in.o
  LD      drivers/gps/built-in.o
  CC      drivers/input/input.o
  CC      drivers/iio/industrialio-core.o
  CC      drivers/input/input-compat.o
  CC      drivers/gpu/msm/kgsl_drawobj.o
  CC      drivers/gpu/msm/kgsl_ioctl.o
  LD      drivers/hwspinlock/built-in.o
  CC      drivers/input/serio/serio.o
  CC      drivers/gpu/drm/drm_plane_helper.o
  CC      drivers/hwmon/qpnp-adc-voltage.o
  CC      drivers/gpu/drm/drm_dp_mst_topology.o
  CC      drivers/i2c/i2c-core.o
  CC      drivers/hid/hid-input.o
  CC      drivers/hid/hid-debug.o
  CC      drivers/gpu/drm/drm_atomic_helper.o
  LD      drivers/gpio/built-in.o
  CC      drivers/iommu/iommu.o
  CC      drivers/input/input-mt.o
  CC      drivers/gpu/msm/kgsl_sharedmem.o
  CC      drivers/iio/industrialio-event.o
  CC      drivers/input/serio/libps2.o
  CC      drivers/input/ff-core.o
  CC      drivers/gpu/drm/drm_kms_helper_common.o
  CC      drivers/hid/uhid.o
  CC      drivers/input/input-leds.o
  CC      drivers/hwmon/qpnp-adc-common.o
  CC      drivers/gpu/msm/kgsl_pwrctrl.o
  CC      drivers/gpu/msm/kgsl_pwrscale.o
  CC      drivers/iommu/iommu-traces.o
  CC      drivers/iio/inkern.o
  LD      drivers/input/serio/built-in.o
  CC      drivers/irqchip/irqchip.o
  CC      drivers/gpu/msm/kgsl_mmu.o
  CC      drivers/input/mousedev.o
  CC      drivers/leds/led-core.o
  CC      drivers/input/evdev.o
  CC      drivers/irqchip/irq-gic.o
  CC      drivers/hid/hid-generic.o
  CC      drivers/hid/hid-apple.o
  CC      drivers/hid/hid-elecom.o
  CC      drivers/gpu/drm/drm_dp_dual_mode_helper.o
  CC      drivers/i2c/i2c-dev.o
  CC      drivers/irqchip/irq-gic-common.o
  CC      drivers/gpu/drm/drm_simple_kms_helper.o
  CC      drivers/gpu/drm/drm_modeset_helper.o
  CC      drivers/leds/led-class.o
  CC      drivers/hid/hid-magicmouse.o
  LD      drivers/iio/accel/built-in.o
  CC      drivers/input/fingerprint/fpc_tee/fpc1020_tee.o
  CC      drivers/iio/adc/qcom-rradc.o
  LD      drivers/hwmon/built-in.o
  LD      drivers/iio/amplifiers/built-in.o
  CC      drivers/input/keyboard/atkbd.o
  CC      drivers/irqchip/irq-gic-v2m.o
  CC      drivers/input/keyboard/gpio_keys.o
  CC      drivers/iommu/iommu-sysfs.o
  CC      drivers/i2c/i2c-mux.o
  CC      drivers/iommu/dma-iommu.o
  CC      drivers/input/misc/qpnp-power-on.o
  LD      drivers/iio/buffer/built-in.o
  CC      drivers/input/misc/uinput.o
  LD      drivers/iio/chemical/built-in.o
  LD      drivers/iio/common/hid-sensors/built-in.o
  LD      drivers/iio/common/ms_sensors/built-in.o
  LD      drivers/iio/common/ssp_sensors/built-in.o
  LD      drivers/iio/common/st_sensors/built-in.o
  LD      drivers/iio/common/built-in.o
  LD      drivers/iio/dac/built-in.o
  LD      drivers/iio/dummy/built-in.o
  LD      drivers/iio/frequency/built-in.o
  CC      drivers/gpu/drm/drm_auth.o
  CC      drivers/hid/hid-microsoft.o
  CC      drivers/leds/led-triggers.o
  LD      drivers/iio/adc/built-in.o
  LD      drivers/iio/gyro/built-in.o
  LD      drivers/iio/health/built-in.o
  LD      drivers/iio/humidity/built-in.o
  LD      drivers/iio/imu/bmi160/built-in.o
  LD      drivers/iio/imu/inv_icm20602/built-in.o
  LD      drivers/iio/imu/inv_mpu/inv_test/built-in.o
  LD      drivers/iio/imu/inv_mpu/built-in.o
  LD      drivers/iio/imu/inv_mpu6050/built-in.o
  LD      drivers/input/fingerprint/fpc_tee/built-in.o
  LD      drivers/iio/imu/st_asm330lhh/built-in.o
  LD      drivers/iio/imu/built-in.o
  CC      drivers/input/fingerprint/goodix_ta/gf_spi.o
  CC      drivers/input/fingerprint/goodix_ta/platform.o
  LD      drivers/iio/light/built-in.o
  CC      drivers/gpu/drm/drm_bufs.o
  LD      drivers/iio/magnetometer/built-in.o
  LD      drivers/iio/orientation/built-in.o
  LD      drivers/iio/potentiometer/built-in.o
  CC      drivers/irqchip/irq-gic-v3.o
  LD      drivers/iio/pressure/built-in.o
  CC      drivers/hid/hid-multitouch.o
  LD      drivers/iio/proximity/built-in.o
  LD      drivers/iio/temperature/built-in.o
  CC      drivers/input/fingerprint/goodix_ta/netlink.o
  LD      drivers/iio/trigger/built-in.o
  LD      drivers/iio/industrialio.o
  LD      drivers/iio/built-in.o
  LD      drivers/lguest/built-in.o
  LD      drivers/macintosh/built-in.o
  CC      drivers/mailbox/mailbox.o
  LD      drivers/input/keyboard/built-in.o
  CC      drivers/irqchip/irq-gic-v3-its.o
  CC      drivers/gpu/msm/kgsl_snapshot.o
  CC      drivers/i2c/algos/i2c-algo-bit.o
  CC      drivers/mailbox/qcom-rpmh-mailbox.o
  CC      drivers/mailbox/msm_qmp.o
  CC      drivers/hid/hid-plantronics.o
  CC      drivers/leds/leds-lm3644.o
  CC      drivers/iommu/msm_dma_iommu_mapping.o
  CC      drivers/leds/leds-qpnp.o
  CC      drivers/leds/leds-qpnp-flash-v2.o
  CC      drivers/hid/hid-sony.o
  CC      drivers/hid/usbhid/hid-core.o
  LD      drivers/i2c/algos/built-in.o
  CC      drivers/i2c/busses/i2c-qcom-geni.o
  LD      drivers/input/misc/built-in.o
  CC      drivers/hid/usbhid/hid-quirks.o
  LD      drivers/hid/hid.o
  LD      drivers/input/fingerprint/goodix_ta/built-in.o
  LD      drivers/input/fingerprint/built-in.o
  CC      drivers/gpu/drm/drm_cache.o
  CC      drivers/input/touchscreen/of_touchscreen.o
  CC      drivers/input/touchscreen/atmel_mxt_ts.o
  CC      drivers/input/touchscreen/fts_521/fts.o
  CC      drivers/input/touchscreen/nt36xxx/nt36xxx.o
  CC      drivers/gpu/drm/drm_context.o
  LD      drivers/mailbox/built-in.o
  CC      drivers/md/dm-uevent.o
  CC      drivers/gpu/msm/kgsl_events.o
  CC      drivers/irqchip/irq-gic-v3-its-pci-msi.o
  CC      drivers/iommu/io-pgtable.o
  CC      drivers/input/touchscreen/synaptics_dsx/synaptics_dsx_i2c.o
  CC      drivers/input/touchscreen/synaptics_dsx_2.6/synaptics_dsx_i2c.o
  CC      drivers/input/touchscreen/synaptics_dsx_force/synaptics_dsx_i2c.o
  LD      drivers/i2c/busses/built-in.o
  LD      drivers/hid/usbhid/usbhid.o
  LD      drivers/hid/usbhid/built-in.o
  LD      drivers/hid/built-in.o
  LD      drivers/i2c/muxes/built-in.o
  LD      drivers/i2c/built-in.o
  CC      drivers/irqchip/irq-gic-v3-its-platform-msi.o
  LD      drivers/media/common/b2c2/built-in.o
  LD      drivers/media/common/saa7146/built-in.o
  LD      drivers/media/common/siano/built-in.o
  LD      drivers/media/dvb-frontends/built-in.o
  CC      drivers/leds/leds-qpnp-flash-common.o
  CC      drivers/media/dvb-core/dvbdev.o
  LD      drivers/media/common/v4l2-tpg/built-in.o
  LD      drivers/media/common/built-in.o
  CC      drivers/gpu/drm/drm_dma.o
  CC      drivers/iommu/io-pgtable-arm.o
  CC      drivers/leds/leds-qpnp-wled.o
  CC      drivers/gpu/drm/drm_fops.o
  CC      drivers/input/touchscreen/synaptics_dsx_force/synaptics_dsx_core.o
  CC      drivers/input/touchscreen/nt36xxx/nt36xxx_fw_update.o
  CC      drivers/leds/leds-qpnp-haptics.o
  CC      drivers/irqchip/irq-partition-percpu.o
  CC      drivers/md/dm.o
  CC      drivers/input/touchscreen/synaptics_dsx_force/synaptics_dsx_rmi_dev.o
  CC      drivers/input/touchscreen/fts_521/fts_proc.o
  LD      drivers/input/touchscreen/synaptics_dsx/built-in.o
  CC      drivers/iommu/iova.o
  LD      drivers/input/touchscreen/synaptics_dsx_2.6/built-in.o
  CC      drivers/gpu/drm/drm_gem.o
  CC      drivers/iommu/io-pgtable-fast.o
  CC      drivers/media/dvb-core/dmxdev.o
  CC      drivers/gpu/msm/kgsl_pool.o
  CC      drivers/iommu/dma-mapping-fast.o
  CC      drivers/input/touchscreen/nt36xxx/nt36xxx_ext_proc.o
  CC      drivers/irqchip/msm_show_resume_irq.o
  CC      drivers/gpu/drm/drm_ioctl.o
  CC      drivers/input/touchscreen/synaptics_dsx_force/synaptics_dsx_fw_update.o
  CC      drivers/iommu/of_iommu.o
  CC      drivers/irqchip/qcom/pdc.o
  CC      drivers/irqchip/qcom/pdc-sdm845.o
  CC      drivers/input/touchscreen/fts_521/fts_lib/ftsCompensation.o
  LD      drivers/leds/trigger/built-in.o
  LD      drivers/leds/built-in.o
  CC      drivers/gpu/drm/drm_irq.o
  CC      drivers/input/touchscreen/nt36xxx/nt36xxx_mp_ctrlram.o
  CC      drivers/iommu/arm-smmu.o
  CC      drivers/gpu/msm/kgsl_gmu.o
  CC      drivers/gpu/drm/drm_lock.o
  CC      drivers/iommu/arm-smmu-errata.o
  CC      drivers/gpu/drm/drm_memory.o
  CC      drivers/gpu/drm/drm_drv.o
  CC      drivers/gpu/drm/drm_vm.o
  CC      drivers/md/dm-table.o
  CC      drivers/input/touchscreen/fts_521/fts_lib/ftsCore.o
  CC      drivers/input/touchscreen/fts_521/fts_lib/ftsError.o
  CC      drivers/gpu/vga/vgaarb.o
  CC      drivers/gpu/drm/drm_scatter.o
  LD      drivers/irqchip/qcom/built-in.o
  LD      drivers/irqchip/built-in.o
  CC      drivers/mfd/mfd-core.o
  CC      drivers/media/dvb-core/dvb_demux.o
  CC      drivers/mfd/qcom-i2c-pmic.o
  LD      drivers/input/touchscreen/nt36xxx/built-in.o
  CC      drivers/mfd/qcom-spmi-pmic.o
  CC      drivers/input/touchscreen/fts_521/fts_lib/ftsFrame.o
  CC      drivers/gpu/drm/drm_pci.o
  CC      drivers/gpu/drm/drm_platform.o
  LD      drivers/input/touchscreen/synaptics_dsx_force/built-in.o
  CC      drivers/gpu/drm/drm_sysfs.o
  CC      drivers/gpu/msm/kgsl_hfi.o
  CC      drivers/gpu/drm/drm_hashtab.o
  CC      drivers/gpu/drm/drm_mm.o
  CC      drivers/gpu/drm/drm_crtc.o
  CC      drivers/gpu/drm/drm_fourcc.o
  CC      drivers/mfd/syscon.o
  CC      drivers/mfd/spk-id.o
  LD      drivers/gpu/vga/built-in.o
  CC      drivers/input/touchscreen/fts_521/fts_lib/ftsIO.o
  CC      drivers/input/touchscreen/fts_521/fts_lib/ftsTest.o
  CC      drivers/input/touchscreen/fts_521/fts_lib/ftsTime.o
  CC      drivers/md/dm-target.o
  LD      drivers/iommu/built-in.o
  CC      drivers/input/touchscreen/fts_521/fts_lib/ftsTool.o
  LD      drivers/misc/cb710/built-in.o
  LD      drivers/misc/eeprom/built-in.o
  LD      drivers/misc/lis3lv02d/built-in.o
  CC      drivers/gpu/drm/drm_modes.o
  LD      drivers/misc/mic/bus/built-in.o
  LD      drivers/misc/mic/built-in.o
  LD      drivers/misc/ti-st/built-in.o
  CC      drivers/misc/hdcp_qseecom.o
  CC      drivers/gpu/drm/drm_edid.o
  CC      drivers/gpu/drm/drm_info.o
  CC      drivers/gpu/drm/drm_debugfs.o
  CC      drivers/gpu/drm/drm_encoder_slave.o
  LD      drivers/mfd/built-in.o
  CC      drivers/mmc/card/block.o
  CC      drivers/gpu/msm/kgsl_iommu.o
  CC      drivers/media/dvb-core/dvb_filter.o
  CC      drivers/mmc/core/core.o
  CC      drivers/media/dvb-core/dvb_ca_en50221.o
  CC      drivers/gpu/drm/drm_trace_points.o
  CC      drivers/input/touchscreen/fts_521/fts_lib/ftsFlash.o
  CC      drivers/gpu/drm/drm_global.o
  CC      drivers/media/dvb-core/dvb_frontend.o
  CC      drivers/gpu/drm/drm_prime.o
  CC      drivers/md/dm-linear.o
  CC      drivers/misc/msm_hdcp.o
  CC      drivers/gpu/drm/drm_rect.o
  LD      drivers/media/firewire/built-in.o
  CC      drivers/mmc/card/queue.o
  CC      drivers/gpu/drm/drm_vma_manager.o
  LD      drivers/media/i2c/soc_camera/built-in.o
  CC      drivers/gpu/drm/drm_flip_work.o
  LD      drivers/media/i2c/built-in.o
  CC      drivers/misc/qseecom.o
  CC      drivers/input/touchscreen/fts_521/fts_lib/ftsGesture.o
  CC      drivers/misc/memory_state_time.o
  CC      drivers/gpu/msm/kgsl_debugfs.o
  CC      drivers/media/dvb-core/dvb_net.o
  CC      drivers/misc/uid_sys_stats.o
  CC      drivers/md/dm-stripe.o
  LD      drivers/input/touchscreen/fts_521/fts_lib/built-in.o
  LD      drivers/input/touchscreen/fts_521/built-in.o
  LD      drivers/input/touchscreen/built-in.o
  LD      drivers/input/input-core.o
  LD      drivers/input/built-in.o
  CC      drivers/net/bonding/bond_main.o
  CC      drivers/net/bonding/bond_3ad.o
  CC      drivers/net/phy/phy.o
  CC      drivers/media/dvb-core/dvb_ringbuffer.o
  CC      drivers/gpu/msm/kgsl_sync.o
  CC      drivers/gpu/drm/drm_modeset_lock.o
  CC      drivers/net/phy/phy_device.o
  CC      drivers/gpu/drm/drm_atomic.o
  CC      drivers/gpu/drm/drm_bridge.o
  CC      drivers/gpu/drm/drm_framebuffer.o
  LD      drivers/mmc/card/mmc_block.o
  LD      drivers/mmc/card/built-in.o
  CC      drivers/gpu/drm/drm_connector.o
  CC      drivers/gpu/drm/drm_blend.o
  CC      drivers/gpu/drm/drm_encoder.o
  CC      drivers/md/dm-ioctl.o
  CC      drivers/media/dvb-core/dvb_math.o
  CC      drivers/gpu/drm/drm_mode_object.o
  CC      drivers/gpu/drm/drm_property.o
  CC      drivers/gpu/msm/kgsl_compat.o
  LD      drivers/media/dvb-core/dvb-core.o
  LD      drivers/media/dvb-core/built-in.o
  LD      drivers/media/mmc/siano/built-in.o
  LD      drivers/media/mmc/built-in.o
  CC      drivers/gpu/drm/drm_plane.o
  LD      drivers/media/pci/b2c2/built-in.o
  LD      drivers/media/pci/ddbridge/built-in.o
  LD      drivers/media/pci/dm1105/built-in.o
  LD      drivers/media/pci/mantis/built-in.o
  LD      drivers/media/pci/netup_unidvb/built-in.o
  LD      drivers/media/pci/ngene/built-in.o
  LD      drivers/media/pci/pluto2/built-in.o
  LD      drivers/media/pci/pt1/built-in.o
  LD      drivers/media/pci/pt3/built-in.o
  CC      drivers/net/bonding/bond_alb.o
  LD      drivers/media/pci/saa7146/built-in.o
  LD      drivers/media/pci/smipcie/built-in.o
  CC      drivers/gpu/msm/adreno_ioctl.o
  LD      drivers/media/pci/ttpci/built-in.o
  LD      drivers/media/pci/built-in.o
  LD      drivers/media/platform/msm/adsp_shmem/built-in.o
  LD      drivers/media/platform/msm/broadcast/built-in.o
  CC      drivers/media/platform/msm/camera/cam_cdm/cam_cdm_soc.o
  LD      drivers/media/platform/omap/built-in.o
  CC      drivers/media/platform/msm/camera/cam_core/cam_context.o
  CC      drivers/media/platform/msm/sde/rotator/sde_rotator_dev.o
  CC      drivers/media/platform/msm/camera/cam_core/cam_context_utils.o
  CC      drivers/gpu/drm/drm_color_mgmt.o
  CC      drivers/gpu/msm/adreno_ringbuffer.o
  CC      drivers/gpu/drm/drm_ioc32.o
  CC      drivers/md/dm-io.o
  CC      drivers/net/phy/mdio_bus.o
  CC      drivers/gpu/drm/ati_pcigart.o
  CC      drivers/gpu/drm/drm_panel.o
  CC      drivers/media/platform/msm/sde/rotator/sde_rotator_core.o
  CC      drivers/gpu/drm/drm_of.o
  CC      drivers/media/platform/msm/camera/cam_cdm/cam_cdm_util.o
  CC      drivers/gpu/drm/drm_mipi_dsi.o
  LD      drivers/gpu/drm/bridge/built-in.o
  LD      drivers/gpu/drm/hisilicon/built-in.o
  LD      drivers/gpu/drm/i2c/built-in.o
  CC      drivers/gpu/drm/msm/dp/dp_usbpd.o
  CC      drivers/media/platform/msm/camera/cam_core/cam_node.o
  CC      drivers/gpu/drm/msm/dp/dp_parser.o
  CC      drivers/media/platform/msm/camera/cam_cdm/cam_cdm_intf.o
  LD      drivers/gpu/drm/omapdrm/displays/built-in.o
  LD      drivers/gpu/drm/omapdrm/dss/built-in.o
  LD      drivers/gpu/drm/omapdrm/built-in.o
  LD      drivers/gpu/drm/panel/built-in.o
  LD      drivers/gpu/drm/tilcdc/built-in.o
  LD      drivers/gpu/drm/drm_kms_helper.o
  CC      drivers/media/platform/msm/camera/cam_cdm/cam_cdm_core_common.o
  CC      drivers/net/bonding/bond_sysfs.o
  CC      drivers/net/phy/mdio_device.o
  CC      drivers/md/dm-kcopyd.o
  CC      drivers/gpu/drm/msm/dp/dp_power.o
  CC      drivers/gpu/drm/msm/dp/dp_catalog.o
  CC      drivers/media/platform/msm/vidc/msm_v4l2_vidc.o
  CC      drivers/net/phy/swphy.o
  CC      drivers/gpu/msm/adreno_drawctxt.o
  CC      drivers/media/platform/msm/camera/cam_core/cam_subdev.o
  CC      drivers/gpu/msm/adreno_dispatch.o
  CC      drivers/md/dm-sysfs.o
  CC      drivers/md/dm-stats.o
  CC      drivers/media/platform/msm/camera/cam_cdm/cam_cdm_virtual_core.o
  CC      drivers/media/platform/msm/camera/cam_cdm/cam_cdm_hw_core.o
  CC      drivers/gpu/drm/msm/dp/dp_aux.o
  CC      drivers/media/platform/msm/sde/rotator/sde_rotator_base.o
  LD      drivers/gpu/drm/drm.o
  LD      drivers/media/platform/msm/camera/cam_core/built-in.o
  CC      drivers/media/platform/msm/camera/cam_cpas/camss_top/cam_camsstop_hw.o
  CC      drivers/media/platform/msm/camera/cam_cpas/cpas_top/cam_cpastop_hw.o
  CC      drivers/net/bonding/bond_sysfs_slave.o
  CC      drivers/net/phy/fixed_phy.o
  CC      drivers/media/platform/msm/vidc/msm_vidc_platform.o
  CC      drivers/md/dm-rq.o
  LD      drivers/misc/built-in.o
  CC      drivers/md/dm-builtin.o
  CC      drivers/md/dm-bufio.o
  CC      drivers/md/dm-crypt.o
  CC      drivers/md/dm-verity-fec.o
  CC      drivers/gpu/drm/msm/dp/dp_panel.o
  CC      drivers/gpu/drm/msm/dp/dp_link.o
  LD      drivers/media/platform/msm/camera/cam_cpas/camss_top/built-in.o
  CC      drivers/media/platform/msm/camera/cam_cpas/cam_cpas_soc.o
  LD      drivers/media/platform/msm/camera/cam_cdm/built-in.o
  CC      drivers/media/platform/msm/camera/cam_fd/fd_hw_mgr/fd_hw/cam_fd_hw_dev.o
  LD      drivers/media/platform/msm/camera/cam_cpas/cpas_top/built-in.o
  CC      drivers/media/platform/msm/camera/cam_fd/fd_hw_mgr/cam_fd_hw_mgr.o
  CC      drivers/md/dm-verity-target.o
  CC      drivers/media/platform/msm/vidc/msm_vidc_common.o
  CC      drivers/net/bonding/bond_debugfs.o
  LD      drivers/net/phy/libphy.o
  LD      drivers/net/phy/built-in.o
  CC      drivers/md/dm-req-crypt.o
  CC      drivers/gpu/msm/adreno_snapshot.o
  CC      drivers/media/platform/msm/sde/rotator/sde_rotator_formats.o
  CC      drivers/media/platform/msm/camera/cam_cpas/cam_cpas_intf.o
  CC      drivers/md/dm-bow.o
  CC      drivers/gpu/drm/msm/dp/dp_ctrl.o
  CC      drivers/media/platform/msm/camera/cam_fd/fd_hw_mgr/fd_hw/cam_fd_hw_core.o
  CC      drivers/media/platform/msm/camera/cam_fd/fd_hw_mgr/fd_hw/cam_fd_hw_soc.o
  CC      drivers/media/platform/msm/camera/cam_cpas/cam_cpas_hw.o
  LD      drivers/md/dm-mod.o
  CC      drivers/gpu/drm/msm/dp/dp_audio.o
  CC      drivers/gpu/drm/msm/dp/dp_debug.o
  CC      drivers/net/bonding/bond_netlink.o
  CC      drivers/net/bonding/bond_options.o
  CC      drivers/media/platform/msm/sde/rotator/sde_rotator_util.o
  CC      drivers/media/platform/msm/sde/rotator/sde_rotator_io_util.o
  CC      drivers/net/bonding/bond_procfs.o
  CC      drivers/gpu/msm/adreno_coresight.o
  CC      drivers/gpu/msm/adreno_trace.o
  LD      drivers/md/dm-verity.o
  CC      drivers/gpu/msm/adreno_a3xx.o
  LD      drivers/media/platform/msm/camera/cam_fd/fd_hw_mgr/fd_hw/built-in.o
  LD      drivers/media/platform/msm/camera/cam_fd/fd_hw_mgr/built-in.o
  CC      drivers/media/platform/msm/camera/cam_fd/cam_fd_dev.o
  CC      drivers/media/platform/msm/camera/cam_fd/cam_fd_context.o
  LD      drivers/media/platform/msm/camera/cam_cpas/built-in.o
  CC      drivers/media/platform/msm/camera/cam_icp/icp_hw/a5_hw/a5_dev.o
  CC      drivers/gpu/drm/msm/dp/dp_display.o
  CC      drivers/gpu/drm/msm/dp/dp_drm.o
  LD      drivers/md/built-in.o
  CC      drivers/media/platform/msm/sde/rotator/sde_rotator_smmu.o
  CC      drivers/gpu/drm/msm/dp/dp_hdcp2p2.o
  CC      drivers/gpu/drm/msm/sde/sde_crtc.o
  CC      drivers/gpu/drm/msm/sde/sde_encoder.o
  CC      drivers/media/platform/msm/sde/rotator/sde_rotator_r1_wb.o
  CC      drivers/media/platform/msm/sde/rotator/sde_rotator_r1_pipe.o
  CC      drivers/media/platform/msm/sde/rotator/sde_rotator_r1_ctl.o
  CC      drivers/gpu/msm/adreno_a4xx.o
  LD      drivers/net/bonding/bonding.o
  LD      drivers/net/bonding/built-in.o
  LD      drivers/media/platform/msm/camera/cam_fd/built-in.o
  CC      drivers/net/ppp/ppp_generic.o
  CC      drivers/media/platform/msm/camera/cam_isp/isp_hw_mgr/hw_utils/cam_tasklet_util.o
  CC      drivers/media/platform/msm/camera/cam_icp/icp_hw/a5_hw/a5_core.o
  CC      drivers/media/platform/msm/camera/cam_isp/cam_isp_dev.o
  CC      drivers/media/platform/msm/camera/cam_isp/isp_hw_mgr/isp_hw/ife_csid_hw/cam_ife_csid_dev.o
  CC      drivers/media/platform/msm/camera/cam_isp/isp_hw_mgr/hw_utils/cam_isp_packet_parser.o
  CC      drivers/media/platform/msm/camera/cam_isp/isp_hw_mgr/hw_utils/irq_controller/cam_irq_controller.o
  CC      drivers/media/platform/msm/camera/cam_isp/isp_hw_mgr/isp_hw/vfe_hw/cam_vfe_soc.o
  CC      drivers/media/platform/msm/camera/cam_isp/isp_hw_mgr/isp_hw/vfe_hw/cam_vfe_dev.o
  CC      drivers/media/platform/msm/camera/cam_isp/isp_hw_mgr/isp_hw/vfe_hw/cam_vfe_core.o
  CC      drivers/gpu/msm/adreno_a5xx.o
  LD      drivers/media/radio/built-in.o
  CC      drivers/media/platform/msm/camera/cam_isp/isp_hw_mgr/isp_hw/vfe_hw/vfe170/cam_vfe170.o
  CC      drivers/media/platform/msm/sde/rotator/sde_rotator_r1.o
  CC      drivers/media/platform/msm/camera/cam_icp/icp_hw/a5_hw/a5_soc.o
  CC      drivers/media/platform/msm/camera/cam_isp/isp_hw_mgr/isp_hw/vfe_hw/vfe170/cam_vfe_lite170.o
  CC      drivers/media/platform/msm/camera/cam_isp/isp_hw_mgr/isp_hw/ife_csid_hw/cam_ife_csid_soc.o
  LD      drivers/media/platform/msm/camera/cam_isp/isp_hw_mgr/hw_utils/irq_controller/built-in.o
  CC      drivers/media/platform/msm/camera/cam_icp/cam_icp_subdev.o
  CC      drivers/media/platform/msm/camera/cam_icp/cam_icp_context.o
  LD      drivers/media/platform/msm/camera/cam_isp/isp_hw_mgr/hw_utils/built-in.o
  CC      drivers/media/platform/msm/camera/cam_icp/hfi.o
  CC      drivers/media/platform/msm/camera/cam_isp/isp_hw_mgr/cam_isp_hw_mgr.o
  CC      drivers/media/platform/msm/camera/cam_isp/isp_hw_mgr/cam_ife_hw_mgr.o
  CC      drivers/gpu/msm/adreno_a6xx.o
  CC      drivers/media/platform/msm/camera/cam_isp/isp_hw_mgr/isp_hw/vfe_hw/vfe_bus/cam_vfe_bus.o
  CC      drivers/media/platform/msm/vidc/msm_vidc.o
  CC      drivers/media/platform/msm/sde/rotator/sde_rotator_r3.o
  LD      drivers/media/platform/msm/camera/cam_icp/icp_hw/a5_hw/built-in.o
  CC      drivers/media/platform/msm/camera/cam_icp/icp_hw/bps_hw/bps_dev.o
  CC      drivers/media/platform/msm/camera/cam_isp/isp_hw_mgr/isp_hw/ife_csid_hw/cam_ife_csid_core.o
  LD      drivers/media/platform/msm/camera/cam_isp/isp_hw_mgr/isp_hw/vfe_hw/vfe170/built-in.o
  CC      drivers/media/platform/msm/camera/cam_isp/isp_hw_mgr/isp_hw/vfe_hw/vfe_bus/cam_vfe_bus_ver2.o
  CC      drivers/media/platform/msm/vidc/msm_vdec.o
  CC      drivers/media/platform/msm/vidc/msm_venc.o
  CC      drivers/media/platform/msm/vidc/msm_smem.o
  CC      drivers/media/platform/msm/vidc/msm_vidc_debug.o
  CC      drivers/media/platform/msm/vidc/msm_vidc_res_parse.o
  CC      drivers/gpu/drm/msm/sde/sde_encoder_phys_vid.o
  CC      drivers/net/ppp/ppp_async.o
  CC      drivers/media/platform/msm/camera/cam_icp/icp_hw/bps_hw/bps_core.o
  CC      drivers/gpu/drm/msm/sde/sde_encoder_phys_cmd.o
  CC      drivers/media/platform/msm/vidc/venus_hfi.o
  CC      drivers/media/platform/msm/camera/cam_isp/isp_hw_mgr/isp_hw/ife_csid_hw/cam_ife_csid170.o
  CC      drivers/media/platform/msm/sde/rotator/sde_rotator_sync.o
  LD      drivers/media/platform/msm/camera/cam_isp/isp_hw_mgr/isp_hw/vfe_hw/vfe_bus/built-in.o
  CC      drivers/media/platform/msm/camera/cam_isp/isp_hw_mgr/isp_hw/vfe_hw/vfe_top/cam_vfe_top.o
  CC      drivers/media/platform/msm/camera/cam_isp/isp_hw_mgr/isp_hw/ife_csid_hw/cam_ife_csid_lite170.o
  CC      drivers/media/platform/msm/camera/cam_icp/icp_hw/bps_hw/bps_soc.o
  CC      drivers/net/ppp/bsd_comp.o
  CC      drivers/net/ppp/ppp_deflate.o
  CC      drivers/media/platform/msm/vidc/hfi_response_handler.o
  CC      drivers/media/platform/msm/vidc/hfi_packetization.o
  CC      drivers/media/platform/msm/vidc/vidc_hfi.o
  CC      drivers/gpu/msm/adreno_a3xx_snapshot.o
  CC      drivers/gpu/msm/adreno_a4xx_snapshot.o
  CC      drivers/net/ppp/ppp_mppe.o
  CC      drivers/net/ppp/ppp_synctty.o
  CC      drivers/net/ppp/pppox.o
  CC      drivers/net/slip/slhc.o
  LD      drivers/media/platform/msm/camera/cam_isp/isp_hw_mgr/isp_hw/ife_csid_hw/built-in.o
  CC      drivers/media/platform/msm/camera/cam_isp/isp_hw_mgr/isp_hw/vfe_hw/vfe_top/cam_vfe_top_ver2.o
  CC      drivers/gpu/msm/adreno_a5xx_snapshot.o
  LD      drivers/media/platform/msm/camera/cam_icp/icp_hw/bps_hw/built-in.o
  CC      drivers/media/platform/msm/camera/cam_icp/icp_hw/icp_hw_mgr/cam_icp_hw_mgr.o
  CC      drivers/media/platform/msm/camera/cam_isp/isp_hw_mgr/isp_hw/vfe_hw/vfe_top/cam_vfe_camif_ver2.o
  CC      drivers/media/platform/msm/sde/rotator/sde_rotator_debug.o
  CC      drivers/gpu/drm/msm/sde/sde_irq.o
  CC      drivers/gpu/msm/adreno_a6xx_snapshot.o
  CC      drivers/media/platform/msm/vidc/venus_boot.o
  CC      drivers/net/ppp/pppoe.o
  CC      drivers/gpu/msm/adreno_a4xx_preempt.o
  CC      drivers/media/platform/msm/vidc/msm_vidc_clocks.o
  CC      drivers/media/platform/msm/camera/cam_isp/isp_hw_mgr/isp_hw/vfe_hw/vfe_top/cam_vfe_rdi.o
  CC      drivers/media/platform/msm/vidc/governors/msm_vidc_dyn_gov.o
  CC      drivers/gpu/msm/adreno_a5xx_preempt.o
  CC      drivers/net/ppp/pptp.o
  CC      drivers/gpu/msm/adreno_a6xx_preempt.o
  CC      drivers/gpu/drm/msm/sde/sde_core_irq.o
  CC      drivers/media/platform/msm/sde/rotator/sde_rotator_r1_debug.o
  CC      drivers/net/ppp/pppolac.o
  LD      drivers/media/platform/msm/camera/cam_isp/isp_hw_mgr/isp_hw/vfe_hw/vfe_top/built-in.o
  LD      drivers/media/platform/msm/camera/cam_isp/isp_hw_mgr/isp_hw/vfe_hw/built-in.o
  LD      drivers/media/platform/msm/camera/cam_isp/isp_hw_mgr/isp_hw/built-in.o
  LD      drivers/media/platform/msm/camera/cam_isp/isp_hw_mgr/built-in.o
  CC      drivers/media/platform/msm/camera/cam_isp/cam_isp_context.o
  CC      drivers/net/ppp/pppopns.o
  CC      drivers/media/platform/msm/sde/rotator/sde_rotator_r3_debug.o
  LD      drivers/net/slip/built-in.o
  CC      drivers/net/usb/rtl8150.o
  LD      drivers/media/platform/msm/vidc/governors/msm-vidc-dyn-gov.o
  LD      drivers/media/platform/msm/vidc/governors/built-in.o
  CC      drivers/net/usb/r8152.o
  CC      drivers/gpu/msm/adreno_sysfs.o
  CC      drivers/gpu/msm/adreno.o
  CC      drivers/gpu/msm/adreno_cp_parser.o
  CC      drivers/gpu/msm/adreno_perfcounter.o
  LD      drivers/media/platform/msm/camera/cam_icp/icp_hw/icp_hw_mgr/built-in.o
  CC      drivers/media/platform/msm/camera/cam_icp/icp_hw/ipe_hw/ipe_dev.o
  LD      drivers/media/platform/msm/vidc/msm-vidc.o
  CC      drivers/net/wireguard/main.o
  LD      drivers/media/platform/msm/vidc/built-in.o
  LD      drivers/net/wireless/admtek/built-in.o
  CC      drivers/net/wireguard/noise.o
  LD      drivers/net/wireless/ath/built-in.o
  LD      drivers/net/wireless/atmel/built-in.o
  LD      drivers/net/wireless/broadcom/built-in.o
  LD      drivers/net/wireless/cisco/built-in.o
  CC      drivers/net/wireless/cnss_genl/cnss_nl.o
  CC      drivers/net/wireless/cnss_prealloc/cnss_prealloc.o
  CC      drivers/gpu/drm/msm/sde/sde_core_perf.o
  LD      drivers/media/platform/msm/sde/rotator/built-in.o
  LD      drivers/media/platform/msm/sde/built-in.o
  CC      drivers/gpu/drm/msm/sde/sde_rm.o
  CC      drivers/gpu/drm/msm/sde/sde_kms_utils.o
  CC      drivers/net/wireless/cnss_utils/cnss_utils.o
  LD      drivers/net/ppp/built-in.o
  CC      drivers/net/dummy.o
  LD      drivers/media/platform/msm/camera/cam_isp/built-in.o
  CC      drivers/net/usb/asix_devices.o
  CC      drivers/media/platform/msm/camera/cam_jpeg/jpeg_hw/jpeg_dma_hw/jpeg_dma_dev.o
  CC      drivers/media/platform/msm/camera/cam_icp/icp_hw/ipe_hw/ipe_core.o
  CC      drivers/gpu/msm/adreno_iommu.o
  LD      drivers/net/wireless/cnss_prealloc/built-in.o
  CC      drivers/media/platform/msm/camera/cam_lrme/lrme_hw_mgr/lrme_hw/cam_lrme_hw_dev.o
  CC      drivers/media/platform/msm/camera/cam_lrme/lrme_hw_mgr/lrme_hw/cam_lrme_hw_core.o
  CC      drivers/media/platform/msm/camera/cam_lrme/cam_lrme_dev.o
  CC      drivers/gpu/drm/msm/sde/sde_kms.o
  LD      drivers/net/wireless/cnss_genl/built-in.o
  LD      drivers/net/wireless/intel/built-in.o
  LD      drivers/net/wireless/intersil/built-in.o
  LD      drivers/net/wireless/marvell/built-in.o
  LD      drivers/net/wireless/mediatek/built-in.o
  LD      drivers/net/wireless/ralink/built-in.o
  LD      drivers/net/wireless/realtek/built-in.o
  LD      drivers/net/wireless/rsi/built-in.o
  LD      drivers/net/wireless/st/built-in.o
  CC      drivers/media/platform/msm/camera/cam_lrme/cam_lrme_context.o
  LD      drivers/net/wireless/ti/built-in.o
  CC      drivers/media/platform/msm/camera/cam_icp/icp_hw/ipe_hw/ipe_soc.o
  CC      drivers/net/wireguard/device.o
  CC      drivers/net/mii.o
  LD      drivers/net/wireless/zydas/built-in.o
  CC      drivers/net/Space.o
  CC      drivers/media/platform/msm/camera/cam_lrme/lrme_hw_mgr/lrme_hw/cam_lrme_hw_soc.o
  CC      drivers/gpu/drm/msm/sde/sde_plane.o
  CC      drivers/gpu/drm/msm/sde/sde_connector.o
  CC      drivers/media/platform/msm/camera/cam_jpeg/jpeg_hw/jpeg_dma_hw/jpeg_dma_core.o
  LD      drivers/net/wireless/cnss_utils/built-in.o
  LD      drivers/net/wireless/built-in.o
  CC      drivers/gpu/drm/msm/sde/sde_color_processing.o
  CC      drivers/media/platform/msm/camera/cam_jpeg/jpeg_hw/jpeg_dma_hw/jpeg_dma_soc.o
  CC      drivers/net/usb/asix_common.o
  CC      drivers/net/usb/ax88172a.o
  CC      drivers/gpu/msm/adreno_debugfs.o
  LD      drivers/media/platform/msm/camera/cam_icp/icp_hw/ipe_hw/built-in.o
  LD      drivers/media/platform/msm/camera/cam_icp/icp_hw/built-in.o
  LD      drivers/media/platform/msm/camera/cam_icp/built-in.o
  CC      drivers/media/platform/msm/camera/cam_req_mgr/cam_req_mgr_core.o
  CC      drivers/gpu/msm/adreno_profile.o
  LD      drivers/media/platform/msm/camera/cam_lrme/lrme_hw_mgr/lrme_hw/built-in.o
  CC      drivers/media/platform/msm/camera/cam_lrme/lrme_hw_mgr/cam_lrme_hw_mgr.o
  CC      drivers/net/loopback.o
  CC      drivers/net/tun.o
  LD      drivers/media/platform/msm/camera/cam_jpeg/jpeg_hw/jpeg_dma_hw/built-in.o
  CC      drivers/media/platform/msm/camera/cam_jpeg/jpeg_hw/jpeg_enc_hw/jpeg_enc_dev.o
  CC      drivers/net/wireguard/peer.o
  CC      drivers/media/platform/msm/camera/cam_jpeg/jpeg_hw/jpeg_enc_hw/jpeg_enc_core.o
  CC      drivers/media/platform/msm/camera/cam_jpeg/jpeg_hw/jpeg_enc_hw/jpeg_enc_soc.o
  CC      drivers/net/usb/ax88179_178a.o
  CC      drivers/net/usb/cdc_ether.o
  CC      drivers/net/usb/usbnet.o
  CC      drivers/gpu/drm/msm/sde/sde_vbif.o
  LD      drivers/media/rc/keymaps/built-in.o
  LD      drivers/media/rc/built-in.o
  CC      drivers/gpu/drm/msm/sde_dbg.o
  CC      drivers/gpu/msm/adreno_compat.o
  CC      drivers/gpu/drm/msm/sde_dbg_evtlog.o
  LD      drivers/media/platform/msm/camera/cam_lrme/lrme_hw_mgr/built-in.o
  LD      drivers/media/platform/msm/camera/cam_lrme/built-in.o
  CC      drivers/media/platform/msm/camera/cam_sensor_module/3dsl_eeprom/3dsl_eeprom_dev.o
  CC      drivers/media/platform/msm/camera/cam_req_mgr/cam_req_mgr_dev.o
  CC      drivers/media/platform/msm/camera/cam_sensor_module/3dsl_eeprom/3dsl_eeprom_core.o
  CC      drivers/media/platform/msm/camera/cam_sensor_module/3dsl_eeprom/3dsl_eeprom_soc.o
  LD      drivers/media/platform/msm/camera/cam_jpeg/jpeg_hw/jpeg_enc_hw/built-in.o
  CC      drivers/media/platform/msm/camera/cam_jpeg/jpeg_hw/cam_jpeg_hw_mgr.o
  CC      drivers/gpu/drm/msm/sde_io_util.o
  CC      drivers/net/wireguard/timers.o
  LD      drivers/gpu/msm/msm_kgsl_core.o
  CC      drivers/gpu/drm/msm/sde/sde_hw_reg_dma_v1_color_proc.o
  LD      drivers/gpu/msm/msm_adreno.o
  CC      drivers/gpu/drm/msm/sde/sde_hw_color_proc_v4.o
  CC      drivers/gpu/drm/msm/sde/sde_hw_ad4.o
  LD      drivers/gpu/msm/built-in.o
  CC      drivers/gpu/drm/msm/sde_edid_parser.o
  LD      drivers/media/spi/built-in.o
  CC      drivers/media/platform/msm/camera/cam_jpeg/cam_jpeg_dev.o
  CC      drivers/media/tuners/tuner-xc2028.o
  CC      drivers/media/platform/msm/camera/cam_sensor_module/cam_actuator/cam_actuator_dev.o
  CC      drivers/media/tuners/tuner-simple.o
  LD      drivers/media/platform/msm/camera/cam_sensor_module/3dsl_eeprom/built-in.o
  LD      drivers/media/usb/b2c2/built-in.o
  LD      drivers/media/usb/dvb-usb/built-in.o
  LD      drivers/media/usb/dvb-usb-v2/built-in.o
  LD      drivers/media/usb/s2255/built-in.o
  CC      drivers/gpu/drm/msm/sde_hdcp_1x.o
  LD      drivers/media/usb/siano/built-in.o
  LD      drivers/media/usb/stkwebcam/built-in.o
  LD      drivers/media/usb/ttusb-budget/built-in.o
  LD      drivers/media/usb/ttusb-dec/built-in.o
  CC      drivers/media/platform/msm/camera/cam_req_mgr/cam_req_mgr_util.o
  LD      drivers/media/usb/zr364xx/built-in.o
  LD      drivers/media/usb/built-in.o
  CC      drivers/media/platform/msm/camera/cam_sensor_module/cam_cci/cam_cci_dev.o
  CC      drivers/media/v4l2-core/v4l2-dev.o
  LD      drivers/media/platform/msm/camera/cam_jpeg/jpeg_hw/built-in.o
  CC      drivers/media/v4l2-core/v4l2-ioctl.o
  CC      drivers/net/usb/cdc_ncm.o
  CC      drivers/media/platform/msm/camera/cam_jpeg/cam_jpeg_context.o
  CC      drivers/gpu/drm/msm/sde_rsc.o
  CC      drivers/media/platform/msm/camera/cam_req_mgr/cam_req_mgr_workq.o
  CC      drivers/media/platform/msm/camera/cam_req_mgr/cam_mem_mgr.o
  CC      drivers/media/platform/msm/camera/cam_sensor_module/cam_actuator/cam_actuator_core.o
  CC      drivers/media/platform/msm/camera/cam_sensor_module/cam_actuator/cam_actuator_soc.o
  CC      drivers/net/wireguard/queueing.o
  CC      drivers/media/v4l2-core/v4l2-device.o
  CC      drivers/gpu/drm/msm/sde_rsc_hw.o
  CC      drivers/media/platform/msm/camera/cam_sensor_module/cam_cci/cam_cci_core.o
  CC      drivers/media/tuners/tuner-types.o
  CC      drivers/media/platform/msm/camera/cam_sensor_module/cam_cci/cam_cci_soc.o
  CC      drivers/media/tuners/mt20xx.o
  LD      drivers/media/platform/msm/camera/cam_jpeg/built-in.o
  CC      drivers/media/platform/msm/camera/cam_smmu/cam_smmu_api.o
  CC      drivers/gpu/drm/msm/sde/sde_fence.o
  CC      drivers/media/v4l2-core/v4l2-fh.o
  CC      drivers/gpu/drm/msm/dsi-staging/dsi_phy.o
  CC      drivers/gpu/drm/msm/dsi-staging/dsi_pwr.o
  CC      drivers/media/tuners/tda8290.o
  CC      drivers/media/v4l2-core/v4l2-event.o
  CC      drivers/media/platform/msm/camera/cam_req_mgr/cam_req_mgr_timer.o
  LD      drivers/media/platform/msm/camera/cam_sensor_module/cam_actuator/built-in.o
  CC      drivers/media/platform/msm/camera/cam_sensor_module/cam_csiphy/cam_csiphy_soc.o
  CC      drivers/media/platform/msm/camera/cam_sync/cam_sync.o
  CC      drivers/media/platform/msm/camera/cam_sync/cam_sync_util.o
  CC      drivers/gpu/drm/msm/dsi-staging/dsi_phy_hw_v2_0.o
  CC      drivers/media/platform/msm/camera/cam_sensor_module/cam_eeprom/cam_eeprom_dev.o
  CC      drivers/net/wireguard/send.o
  LD      drivers/media/platform/msm/camera/cam_sensor_module/cam_cci/built-in.o
  CC      drivers/gpu/drm/msm/dsi-staging/dsi_phy_hw_v3_0.o
  CC      drivers/net/wireguard/receive.o
  CC      drivers/gpu/drm/msm/dsi-staging/dsi_phy_timing_calc.o
  CC      drivers/media/platform/msm/camera/cam_req_mgr/cam_req_mgr_debug.o
  LD      drivers/net/usb/asix.o
  LD      drivers/net/usb/built-in.o
  CC      drivers/media/tuners/tda9887.o
  CC      drivers/gpu/drm/msm/dsi-staging/dsi_phy_timing_v2_0.o
  CC      drivers/gpu/drm/msm/dsi-staging/dsi_phy_timing_v3_0.o
  CC      drivers/media/platform/msm/camera/cam_sensor_module/cam_csiphy/cam_csiphy_dev.o
  CC      drivers/media/v4l2-core/v4l2-ctrls.o
  LD      drivers/media/platform/msm/camera/cam_req_mgr/built-in.o
  CC      drivers/media/platform/msm/camera/cam_utils/cam_soc_util.o
  CC      drivers/media/platform/msm/camera/cam_utils/cam_io_util.o
  CC      drivers/media/platform/msm/camera/cam_utils/cam_packet_util.o
  CC      drivers/gpu/drm/msm/dsi-staging/dsi_ctrl_hw_cmn.o
  LD      drivers/media/platform/msm/camera/cam_sync/built-in.o
  CC      drivers/media/platform/msm/camera/cam_utils/cam_debug_util.o
  LD      drivers/media/platform/msm/camera/cam_smmu/built-in.o
  CC      drivers/media/platform/msm/camera/cam_utils/cam_trace.o
  CC      drivers/media/platform/msm/camera/cam_sensor_module/cam_eeprom/cam_eeprom_core.o
  CC      drivers/gpu/drm/msm/dsi-staging/dsi_ctrl_hw_1_4.o
  CC      drivers/gpu/drm/msm/dsi-staging/dsi_ctrl_hw_2_0.o
  CC      drivers/gpu/drm/msm/dsi-staging/dsi_ctrl_hw_2_2.o
  CC      drivers/net/wireguard/socket.o
  CC      drivers/media/tuners/tda827x.o
  CC      drivers/media/tuners/tda18271-maps.o
  CC      drivers/media/platform/msm/camera/cam_utils/cam_common_util.o
  CC      drivers/media/platform/msm/camera/cam_sensor_module/cam_csiphy/cam_csiphy_core.o
  CC      drivers/net/wireguard/peerlookup.o
  CC      drivers/net/wireguard/allowedips.o
  CC      drivers/net/wireguard/ratelimiter.o
  CC      drivers/media/tuners/tda18271-common.o
  CC      drivers/gpu/drm/msm/dsi-staging/dsi_ctrl.o
  CC      drivers/gpu/drm/msm/dsi-staging/dsi_catalog.o
  CC      drivers/media/tuners/tda18271-fe.o
  CC      drivers/gpu/drm/msm/dsi-staging/dsi_drm.o
  CC      drivers/net/wireguard/cookie.o
  CC      drivers/gpu/drm/msm/dsi-staging/dsi_display.o
  LD      drivers/media/platform/msm/camera/cam_utils/built-in.o
  CC      drivers/gpu/drm/msm/dsi-staging/dsi_panel.o
  CC      drivers/media/platform/msm/camera/cam_sensor_module/cam_eeprom/cam_eeprom_soc.o
  CC      drivers/media/tuners/xc5000.o
  LD      drivers/media/platform/msm/camera/cam_sensor_module/cam_csiphy/built-in.o
  CC      drivers/media/platform/msm/camera/cam_sensor_module/cam_flash/cam_flash_dev.o
  CC      drivers/media/platform/msm/camera/cam_sensor_module/cam_flash/cam_flash_core.o
  CC      drivers/media/v4l2-core/v4l2-subdev.o
  CC      drivers/net/wireguard/netlink.o
  CC      drivers/gpu/drm/msm/dsi-staging/dsi_clk_manager.o
  CC      drivers/net/wireguard/crypto/zinc/chacha20/chacha20.o
  PERLASM drivers/net/wireguard/crypto/zinc/chacha20/chacha20-arm64.S
  CC      drivers/media/v4l2-core/v4l2-clk.o
  CC      drivers/media/media-device.o
  LD      drivers/media/platform/msm/camera/cam_sensor_module/cam_eeprom/built-in.o
  CC      drivers/net/wireguard/crypto/zinc/poly1305/poly1305.o
  CC      drivers/media/platform/msm/camera/cam_sensor_module/cam_ir_led/cam_ir_led_dev.o
  CC      drivers/media/platform/msm/camera/cam_sensor_module/cam_ir_led/cam_ir_led_soc.o
  CC      drivers/media/platform/msm/camera/cam_sensor_module/cam_ir_led/cam_ir_led_core.o
  CC      drivers/gpu/drm/msm/dsi-staging/dsi_display_test.o
  CC      drivers/media/tuners/xc4000.o
  CC      drivers/gpu/drm/msm/sde/sde_hw_catalog.o
  CC      drivers/media/platform/msm/camera/cam_sensor_module/cam_flash/cam_flash_soc.o
  CC      drivers/media/v4l2-core/v4l2-async.o
  CC      drivers/gpu/drm/msm/sde/sde_hw_cdm.o
  CC      drivers/gpu/drm/msm/sde/sde_hw_dspp.o
  PERLASM drivers/net/wireguard/crypto/zinc/poly1305/poly1305-arm64.S
  CC      drivers/net/wireguard/crypto/zinc/chacha20poly1305.o
  CC      drivers/media/v4l2-core/v4l2-compat-ioctl32.o
  CC      drivers/media/v4l2-core/v4l2-of.o
  CC      drivers/gpu/drm/msm/sde/sde_hw_intf.o
  LD      drivers/media/platform/msm/camera/cam_sensor_module/cam_ir_led/built-in.o
  CC      drivers/media/platform/msm/camera/cam_sensor_module/cam_ois/cam_ois_dev.o
  CC      drivers/media/tuners/mc44s803.o
  CC      drivers/media/media-devnode.o
  CC      drivers/media/media-entity.o
  CC      drivers/gpu/drm/msm/sde/sde_hw_lm.o
  CC      drivers/media/v4l2-core/vb2-trace.o
  LD      drivers/media/platform/msm/camera/cam_sensor_module/cam_flash/built-in.o
  CC      drivers/media/platform/msm/camera/cam_sensor_module/cam_res_mgr/cam_res_mgr.o
  LD      drivers/media/tuners/tda18271.o
  CC      drivers/net/wireguard/crypto/zinc/blake2s/blake2s.o
  CC      drivers/net/wireguard/crypto/zinc/curve25519/curve25519.o
  CC      drivers/gpu/drm/msm/sde/sde_hw_ctl.o
  CC      drivers/gpu/drm/msm/sde/sde_hw_util.o
  AS      drivers/net/wireguard/crypto/zinc/chacha20/chacha20-arm64.o
  AS      drivers/net/wireguard/crypto/zinc/poly1305/poly1305-arm64.o
  CC      drivers/media/platform/msm/camera/cam_sensor_module/cam_sensor/cam_sensor_dev.o
  CC      drivers/media/platform/msm/camera/cam_sensor_module/cam_sensor_io/cam_sensor_io.o
  LD      drivers/media/tuners/built-in.o
  CC      drivers/gpu/drm/msm/sde/sde_hw_sspp.o
  CC      drivers/media/platform/msm/camera/cam_sensor_module/cam_sensor_utils/cam_sensor_util.o
  CC      drivers/media/platform/msm/camera/cam_sensor_module/cam_ois/cam_ois_core.o
  CC      drivers/gpu/drm/msm/sde/sde_hw_wb.o
  LD      drivers/media/media.o
  CC      drivers/gpu/drm/msm/sde/sde_hw_rot.o
  CC      drivers/gpu/drm/msm/sde/sde_hw_pingpong.o
  CC      drivers/media/v4l2-core/v4l2-trace.o
  CC      drivers/gpu/drm/msm/sde/sde_hw_top.o
  CC      drivers/gpu/drm/msm/sde/sde_hw_interrupts.o
  CC      drivers/gpu/drm/msm/sde/sde_hw_vbif.o
  CC      drivers/media/platform/msm/camera/cam_sensor_module/cam_sensor_io/cam_sensor_cci_i2c.o
  LD      drivers/media/platform/msm/camera/cam_sensor_module/cam_res_mgr/built-in.o
  CC      drivers/media/platform/msm/camera/cam_sensor_module/cam_sensor_io/cam_sensor_qup_i2c.o
  CC      drivers/media/platform/msm/camera/cam_sensor_module/cam_sensor/cam_sensor_core.o
  CC      drivers/media/platform/msm/camera/cam_sensor_module/cam_ois/cam_ois_soc.o
  CC      drivers/media/platform/msm/camera/cam_sensor_module/cam_sensor/cam_sensor_soc.o
  CC      drivers/gpu/drm/msm/sde/sde_hw_blk.o
  LD      drivers/media/platform/msm/camera/cam_sensor_module/cam_sensor_utils/built-in.o
  CC      drivers/gpu/drm/msm/sde/sde_formats.o
  CC      drivers/media/platform/msm/camera/cam_sensor_module/cam_sensor_io/cam_sensor_spi.o
  CC      drivers/gpu/drm/msm/sde_power_handle.o
  CC      drivers/gpu/drm/msm/sde/sde_hw_color_processing_v1_7.o
  CC      drivers/gpu/drm/msm/sde/sde_reg_dma.o
  CC      drivers/gpu/drm/msm/sde/sde_hw_reg_dma_v1.o
  CC      drivers/gpu/drm/msm/sde/sde_hw_dsc.o
  CC      drivers/media/v4l2-core/v4l2-mc.o
  CC      drivers/gpu/drm/msm/sde/sde_hw_ds.o
  CC      drivers/gpu/drm/msm/sde/sde_wb.o
  LD      drivers/media/platform/msm/camera/cam_sensor_module/cam_ois/built-in.o
  CC      drivers/media/v4l2-core/v4l2-common.o
  CC      drivers/media/v4l2-core/v4l2-dv-timings.o
  CC      drivers/media/v4l2-core/v4l2-mem2mem.o
  LD      drivers/media/platform/msm/camera/cam_sensor_module/cam_sensor/built-in.o
  CC      drivers/media/v4l2-core/videobuf2-core.o
  CC      drivers/gpu/drm/msm/sde/sde_encoder_phys_wb.o
  LD      drivers/media/platform/msm/camera/cam_sensor_module/cam_sensor_io/built-in.o
  LD      drivers/media/platform/msm/camera/cam_sensor_module/built-in.o
  LD      drivers/media/platform/msm/camera/built-in.o
  CC      drivers/gpu/drm/msm/msm_atomic.o
  LD      drivers/net/wireguard/wireguard.o
  CC      drivers/gpu/drm/msm/msm_drv.o
  CC      drivers/gpu/drm/msm/msm_fb.o
  LD      drivers/net/wireguard/built-in.o
  LD      drivers/media/platform/msm/built-in.o
  LD      drivers/net/built-in.o
  CC      drivers/gpu/drm/msm/msm_gem.o
  CC      drivers/gpu/drm/msm/msm_gem_prime.o
  CC      drivers/gpu/drm/msm/msm_gem_submit.o
  CC      drivers/media/v4l2-core/videobuf2-v4l2.o
  CC      drivers/gpu/drm/msm/msm_gem_shrinker.o
  LD      drivers/media/platform/built-in.o
  CC      drivers/gpu/drm/msm/msm_gem_vma.o
  CC      drivers/gpu/drm/msm/msm_gpu.o
  LD      drivers/media/v4l2-core/videodev.o
  CC      drivers/gpu/drm/msm/msm_iommu.o
  CC      drivers/gpu/drm/msm/msm_smmu.o
  CC      drivers/gpu/drm/msm/msm_perf.o
  CC      drivers/gpu/drm/msm/msm_rd.o
  CC      drivers/gpu/drm/msm/msm_ringbuffer.o
  CC      drivers/gpu/drm/msm/msm_prop.o
  CC      drivers/gpu/drm/msm/msm_fence.o
  CC      drivers/gpu/drm/msm/msm_debugfs.o
  LD      drivers/media/v4l2-core/built-in.o
  LD      drivers/media/built-in.o
  LD      drivers/gpu/drm/msm/msm_drm.o
  LD      drivers/gpu/drm/msm/built-in.o
  LD      drivers/gpu/drm/built-in.o
  LD      drivers/gpu/built-in.o
make[1]: se sale del directorio '/home/zonarmr/android-kernel/Xiaomi/MI8/LineageOS-17.1/dipper_q/out'
